2025-05-26 23:33:26,750 - AutoTestFixer - ERROR - --- Test test_uniqlo_122178b3 FAILED ---
2025-05-26 23:33:26,750 - AutoTestFixer - ERROR - URL at failure: https://www.uniqlo.com/us/en/
2025-05-26 23:33:26,751 - AutoTestFixer - ERROR - Traceback:
self = <test.test_uniqlo.TestUniqlo object at 0x104deba30>

    def test_uniqlo_122178b3(self):
        self.driver.get("https://www.uniqlo.com/us/en/")
    
>       self.driver.find_element(By.XPATH, "//div[@role='button' and contains(@class, 'fr-ec-bottom-navigation__icon-wrapper-center')]").click()

test/test_uniqlo.py:12: 
_ _ _ _ _ _ _ _ _ _ _ _ _ _ _ _ _ _ _ _ _ _ _ _ _ _ _ _ _ _ _ _ _ _ _ _ _ _ _ _ 
framework/custom_selenium.py:71: in find_element
    raise e
framework/custom_selenium.py:55: in find_element
    element = WebDriverWait(super(), WAIT_TIMEOUT).until(
_ _ _ _ _ _ _ _ _ _ _ _ _ _ _ _ _ _ _ _ _ _ _ _ _ _ _ _ _ _ _ _ _ _ _ _ _ _ _ _ 

self = <selenium.webdriver.support.wait.WebDriverWait (session="None")>
method = <function presence_of_element_located.<locals>._predicate at 0x104d83490>
message = ''

    def until(self, method: Callable[[D], Union[Literal[False], T]], message: str = "") -> T:
        """Calls the method provided with the driver as an argument until the \
        return value does not evaluate to ``False``.
    
        :param method: callable(WebDriver)
        :param message: optional message for :exc:`TimeoutException`
        :returns: the result of the last call to `method`
        :raises: :exc:`selenium.common.exceptions.TimeoutException` if timeout occurs
        """
        screen = None
        stacktrace = None
    
        end_time = time.monotonic() + self._timeout
        while True:
            try:
                value = method(self._driver)
                if value:
                    return value
            except self._ignored_exceptions as exc:
                screen = getattr(exc, "screen", None)
                stacktrace = getattr(exc, "stacktrace", None)
            time.sleep(self._poll)
            if time.monotonic() > end_time:
                break
>       raise TimeoutException(message, screen, stacktrace)
E       selenium.common.exceptions.TimeoutException: Message: 
E       Stacktrace:
E       0   undetected_chromedriver             0x0000000105354898 undetected_chromedriver + 5986456
E       1   undetected_chromedriver             0x000000010534b9ca undetected_chromedriver + 5949898
E       2   undetected_chromedriver             0x0000000104e04600 undetected_chromedriver + 415232
E       3   undetected_chromedriver             0x0000000104e56304 undetected_chromedriver + 750340
E       4   undetected_chromedriver             0x0000000104e56521 undetected_chromedriver + 750881
E       5   undetected_chromedriver             0x0000000104ea6204 undetected_chromedriver + 1077764
E       6   undetected_chromedriver             0x0000000104e7c33d undetected_chromedriver + 906045
E       7   undetected_chromedriver             0x0000000104ea3566 undetected_chromedriver + 1066342
E       8   undetected_chromedriver             0x0000000104e7c0e3 undetected_chromedriver + 905443
E       9   undetected_chromedriver             0x0000000104e4861d undetected_chromedriver + 693789
E       10  undetected_chromedriver             0x0000000104e49281 undetected_chromedriver + 696961
E       11  undetected_chromedriver             0x0000000105312560 undetected_chromedriver + 5715296
E       12  undetected_chromedriver             0x0000000105316425 undetected_chromedriver + 5731365
E       13  undetected_chromedriver             0x00000001052eceb0 undetected_chromedriver + 5562032
E       14  undetected_chromedriver             0x0000000105316e5b undetected_chromedriver + 5733979
E       15  undetected_chromedriver             0x00000001052dbdc4 undetected_chromedriver + 5492164
E       16  undetected_chromedriver             0x0000000105339a78 undetected_chromedriver + 5876344
E       17  undetected_chromedriver             0x0000000105339c40 undetected_chromedriver + 5876800
E       18  undetected_chromedriver             0x000000010534b591 undetected_chromedriver + 5948817
E       19  libsystem_pthread.dylib             0x00007ff804c18df1 _pthread_start + 99
E       20  libsystem_pthread.dylib             0x00007ff804c14857 thread_start + 15

.venv/lib/python3.10/site-packages/selenium/webdriver/support/wait.py:105: TimeoutException
2025-05-26 23:32:45,103 - AutoTestFixer - INFO - Attempting to navigate to URL: https://www.uniqlo.com/us/en/
2025-05-26 23:32:53,470 - AutoTestFixer - INFO - Successfully navigated to URL: https://www.uniqlo.com/us/en/
2025-05-26 23:32:55,475 - AutoTestFixer - INFO - Attempting to find element: xpath = //div[@role='button' and contains(@class, 'fr-ec-bottom-navigation__icon-wrapper-center')]
2025-05-26 23:33:25,941 - AutoTestFixer - ERROR - TimeoutException: Element not found within 30 seconds: xpath = //div[@role='button' and contains(@class, 'fr-ec-bottom-navigation__icon-wrapper-center')] (Current page URL: https://www.uniqlo.com/us/en/)
2025-05-26 23:33:26,013 - AutoTestFixer - INFO - Test test_uniqlo_122178b3 failed. Auto-fix mode: suggest. Initiating process.
2025-05-26 23:34:11,814 - AutoTestFixer - INFO - GPT suggestions:
-------------------------------------------------------
Potential fix (1): Change locator to match actual <button> tag instead of non-existent <div>.
Original code line/lines:
        self.driver.find_element(By.XPATH, "//div[@role='button' and contains(@class, 'fr-ec-bottom-navigation__icon-wrapper-center')]").click()
Fixed code line/lines:
        self.driver.find_element(By.XPATH, "//button[contains(@class,'fr-ec-bottom-navigation__icon-wrapper-center')]").click()
-------------------------------------------------------
Potential fix (2): Use the stable aria-label attribute for a clearer, less brittle locator.
Original code line/lines:
        self.driver.find_element(By.XPATH, "//div[@role='button' and contains(@class, 'fr-ec-bottom-navigation__icon-wrapper-center')]").click()
Fixed code line/lines:
        self.driver.find_element(By.XPATH, "//button[@aria-label='Menu / Product Search']").click()
-------------------------------------------------------
Potential fix (3): Dismiss the instructional overlay (#navigation) before clicking the search icon so it’s not blocking the element.
Original code line/lines:
        self.driver.find_element(By.XPATH, "//div[@role='button' and contains(@class, 'fr-ec-bottom-navigation__icon-wrapper-center')]").click()
Fixed code line/lines:
        self.driver.find_element(By.ID, "navigation").click()
        self.driver.find_element(By.XPATH, "//button[@aria-label='Menu / Product Search']").click()
-------------------------------------------------------
Potential fix (4): Scroll the button into view first to ensure it’s in the viewport on desktops with small windows.
Original code line/lines:
        self.driver.find_element(By.XPATH, "//div[@role='button' and contains(@class, 'fr-ec-bottom-navigation__icon-wrapper-center')]").click()
Fixed code line/lines:
        search_button = self.driver.find_element(By.XPATH, "//button[contains(@class,'fr-ec-bottom-navigation__icon-wrapper-center')]")
        self.driver.execute_script("arguments[0].scrollIntoView(true);", search_button)
        search_button.click()
-------------------------------------------------------
Potential fix (5): Use a CSS selector that directly targets the unique center icon class for faster lookup.
Original code line/lines:
        self.driver.find_element(By.XPATH, "//div[@role='button' and contains(@class, 'fr-ec-bottom-navigation__icon-wrapper-center')]").click()
Fixed code line/lines:
        self.driver.find_element(By.CSS_SELECTOR, "button.fr-ec-bottom-navigation__icon-wrapper-center").click()
-------------------------------------------------------

2025-05-26 23:34:11,814 - AutoTestFixer - INFO - Auto-fix mode is 'suggest'. Suggestions displayed. No patching or re-run will occur.
