2024-08-02 16:10:32,328 - ERROR - Test test_kohls_aab91310 failed.
2024-08-02 16:10:32,333 - ERROR - URL at failure: https://www.kohls.com/search.jsp?CN=Price:%2410%20to%20%2425+Price:%2425%20to%20%2450+Price:%2450%20to%20%24100+Size:10&BL=y&search=mens%20hiking%20shoes&S=1&PPP=48&pfm=search%20refine&kls_sbp=76567501369785916604073096810660523302
2024-08-02 16:10:32,333 - ERROR - Exception: self = <test.test_kohls.TestKohls object at 0x104767c10>

    def test_kohls_aab91310(self):
        # self.driver.get("https://www.kohls.com/")
        self.driver.find_element(By.ID, "search").clear()
        self.driver.find_element(By.ID, "search").send_keys("mens hiking shoes")
        self.driver.find_element(By.XPATH, "//input[@name='submit-search' and @value='' and @type='submit']").click()
    
        # self.driver.find_element(By.XPATH, "//div[@id='root_panel454250']/div[10]/div[1]").click()
        # there is a layout change that will coincide with the below action and as a result the list will not expand, so need some sleep
        time.sleep(3)
        self.driver.find_element(By.XPATH, "//div[contains(@id, 'root_panel')]/div[10]/div[1]").click()
    
        self.driver.find_element(By.XPATH, "//ul[@id='Price']/li[1]/a[1]/span[1]").click()
        # selenium.common.exceptions.StaleElementReferenceException: Message: stale element reference: stale element not found in the current frame
        # need some time to refresh the page every time a checkbox is clicked therefore we need some sleep here
        time.sleep(3)
        self.driver.find_element(By.XPATH, "//ul[@id='Price']/li[2]/a[1]/span[1]").click()
        # selenium.common.exceptions.StaleElementReferenceException: Message: stale element reference: stale element not found in the current frame
        # need some time to refresh the page every time a checkbox is clicked therefore we need some sleep here
        time.sleep(3)
        self.driver.find_element(By.XPATH, "//ul[@id='Price']/li[3]/a[1]/span[1]").click()
    
        # self.driver.find_element(By.XPATH, "//div[@id='panel454323']/div[6]/div[1]").click()
        # selenium.common.exceptions.StaleElementReferenceException: Message: stale element reference: stale element not found in the current frame
        # need some time to refresh the page every time a checkbox is clicked therefore we need some sleep here
        time.sleep(3)
        self.driver.find_element(By.XPATH, "//div[contains(@id, 'panel')]/div[6]/div[1]").click()
    
        # self.driver.find_element(By.XPATH, "//ul[@id='Size']/li[11]/a[1]/span[1]").click()
        self.driver.find_element(By.XPATH, "//ul[@id='Size']/li[10]/a[1]/span[1]").click()
    
        # self.driver.find_element(By.ID, "sbSelector_19359954").click()
>       self.driver.find_element(By.XPATH, "//a[contains(@id, 'sbSelector_')]").click()

test/test_kohls.py:142: 
_ _ _ _ _ _ _ _ _ _ _ _ _ _ _ _ _ _ _ _ _ _ _ _ _ _ _ _ _ _ _ _ _ _ _ _ _ _ _ _ 
conftest.py:163: in click
    raise e
conftest.py:142: in click
    self.element.click()
.venv/lib/python3.10/site-packages/selenium/webdriver/remote/webelement.py:94: in click
    self._execute(Command.CLICK_ELEMENT)
.venv/lib/python3.10/site-packages/selenium/webdriver/remote/webelement.py:395: in _execute
    return self._parent.execute(command, params)
.venv/lib/python3.10/site-packages/selenium/webdriver/remote/webdriver.py:354: in execute
    self.error_handler.check_response(response)
_ _ _ _ _ _ _ _ _ _ _ _ _ _ _ _ _ _ _ _ _ _ _ _ _ _ _ _ _ _ _ _ _ _ _ _ _ _ _ _ 

self = <selenium.webdriver.remote.errorhandler.ErrorHandler object at 0x104765e10>
response = {'status': 404, 'value': '{"value":{"error":"stale element reference","message":"stale element reference: stale elemen...7ff81581018b _pthread_start + 99\\n28  libsystem_pthread.dylib             0x00007ff81580bae3 thread_start + 15\\n"}}'}

    def check_response(self, response: Dict[str, Any]) -> None:
        """Checks that a JSON response from the WebDriver does not have an
        error.
    
        :Args:
         - response - The JSON response from the WebDriver server as a dictionary
           object.
    
        :Raises: If the response contains an error message.
        """
        status = response.get("status", None)
        if not status or status == ErrorCode.SUCCESS:
            return
        value = None
        message = response.get("message", "")
        screen: str = response.get("screen", "")
        stacktrace = None
        if isinstance(status, int):
            value_json = response.get("value", None)
            if value_json and isinstance(value_json, str):
                import json
    
                try:
                    value = json.loads(value_json)
                    if len(value) == 1:
                        value = value["value"]
                    status = value.get("error", None)
                    if not status:
                        status = value.get("status", ErrorCode.UNKNOWN_ERROR)
                        message = value.get("value") or value.get("message")
                        if not isinstance(message, str):
                            value = message
                            message = message.get("message")
                    else:
                        message = value.get("message", None)
                except ValueError:
                    pass
    
        exception_class: Type[WebDriverException]
        e = ErrorCode()
        error_codes = [item for item in dir(e) if not item.startswith("__")]
        for error_code in error_codes:
            error_info = getattr(ErrorCode, error_code)
            if isinstance(error_info, list) and status in error_info:
                exception_class = getattr(ExceptionMapping, error_code, WebDriverException)
                break
        else:
            exception_class = WebDriverException
    
        if not value:
            value = response["value"]
        if isinstance(value, str):
            raise exception_class(value)
        if message == "" and "message" in value:
            message = value["message"]
    
        screen = None  # type: ignore[assignment]
        if "screen" in value:
            screen = value["screen"]
    
        stacktrace = None
        st_value = value.get("stackTrace") or value.get("stacktrace")
        if st_value:
            if isinstance(st_value, str):
                stacktrace = st_value.split("\n")
            else:
                stacktrace = []
                try:
                    for frame in st_value:
                        line = frame.get("lineNumber", "")
                        file = frame.get("fileName", "<anonymous>")
                        if line:
                            file = f"{file}:{line}"
                        meth = frame.get("methodName", "<anonymous>")
                        if "className" in frame:
                            meth = f"{frame['className']}.{meth}"
                        msg = "    at %s (%s)"
                        msg = msg % (meth, file)
                        stacktrace.append(msg)
                except TypeError:
                    pass
        if exception_class == UnexpectedAlertPresentException:
            alert_text = None
            if "data" in value:
                alert_text = value["data"].get("text")
            elif "alert" in value:
                alert_text = value["alert"].get("text")
            raise exception_class(message, screen, stacktrace, alert_text)  # type: ignore[call-arg]  # mypy is not smart enough here
>       raise exception_class(message, screen, stacktrace)
E       selenium.common.exceptions.StaleElementReferenceException: Message: stale element reference: stale element not found in the current frame
E         (Session info: chrome=127.0.6533.89); For documentation on this error, please visit: https://www.selenium.dev/documentation/webdriver/troubleshooting/errors#stale-element-reference-exception
E       Stacktrace:
E       0   undetected_chromedriver             0x0000000100f85838 undetected_chromedriver + 5179448
E       1   undetected_chromedriver             0x0000000100f7d26a undetected_chromedriver + 5145194
E       2   undetected_chromedriver             0x0000000100af42b0 undetected_chromedriver + 389808
E       3   undetected_chromedriver             0x0000000100afa0b5 undetected_chromedriver + 413877
E       4   undetected_chromedriver             0x0000000100afbd6f undetected_chromedriver + 421231
E       5   undetected_chromedriver             0x0000000100afbe1c undetected_chromedriver + 421404
E       6   undetected_chromedriver             0x0000000100b46fac undetected_chromedriver + 729004
E       7   undetected_chromedriver             0x0000000100b44f88 undetected_chromedriver + 720776
E       8   undetected_chromedriver             0x0000000100b42a57 undetected_chromedriver + 711255
E       9   undetected_chromedriver             0x0000000100b41902 undetected_chromedriver + 706818
E       10  undetected_chromedriver             0x0000000100b35496 undetected_chromedriver + 656534
E       11  undetected_chromedriver             0x0000000100b627b2 undetected_chromedriver + 841650
E       12  undetected_chromedriver             0x0000000100b34e58 undetected_chromedriver + 654936
E       13  undetected_chromedriver             0x0000000100b6296e undetected_chromedriver + 842094
E       14  undetected_chromedriver             0x0000000100b7fb9b undetected_chromedriver + 961435
E       15  undetected_chromedriver             0x0000000100b62553 undetected_chromedriver + 841043
E       16  undetected_chromedriver             0x0000000100b337f6 undetected_chromedriver + 649206
E       17  undetected_chromedriver             0x0000000100b3405e undetected_chromedriver + 651358
E       18  undetected_chromedriver             0x0000000100f48aa0 undetected_chromedriver + 4930208
E       19  undetected_chromedriver             0x0000000100f4d9b6 undetected_chromedriver + 4950454
E       20  undetected_chromedriver             0x0000000100f4e085 undetected_chromedriver + 4952197
E       21  undetected_chromedriver             0x0000000100f2ae69 undetected_chromedriver + 4808297
E       22  undetected_chromedriver             0x0000000100f4e379 undetected_chromedriver + 4952953
E       23  undetected_chromedriver             0x0000000100f1c7c4 undetected_chromedriver + 4749252
E       24  undetected_chromedriver             0x0000000100f6d548 undetected_chromedriver + 5080392
E       25  undetected_chromedriver             0x0000000100f6d707 undetected_chromedriver + 5080839
E       26  undetected_chromedriver             0x0000000100f7ce4e undetected_chromedriver + 5144142
E       27  libsystem_pthread.dylib             0x00007ff81581018b _pthread_start + 99
E       28  libsystem_pthread.dylib             0x00007ff81580bae3 thread_start + 15

.venv/lib/python3.10/site-packages/selenium/webdriver/remote/errorhandler.py:229: StaleElementReferenceException
2024-08-02 16:10:32,333 - ERROR - StaleElementReferenceException: Element became stale: xpath = //a[contains(@id, 'sbSelector_')] - Message: stale element reference: stale element not found in the current frame
  (Session info: chrome=127.0.6533.89); For documentation on this error, please visit: https://www.selenium.dev/documentation/webdriver/troubleshooting/errors#stale-element-reference-exception
Stacktrace:
0   undetected_chromedriver             0x0000000100f85838 undetected_chromedriver + 5179448
1   undetected_chromedriver             0x0000000100f7d26a undetected_chromedriver + 5145194
2   undetected_chromedriver             0x0000000100af42b0 undetected_chromedriver + 389808
3   undetected_chromedriver             0x0000000100afa0b5 undetected_chromedriver + 413877
4   undetected_chromedriver             0x0000000100afbd6f undetected_chromedriver + 421231
5   undetected_chromedriver             0x0000000100afbe1c undetected_chromedriver + 421404
6   undetected_chromedriver             0x0000000100b46fac undetected_chromedriver + 729004
7   undetected_chromedriver             0x0000000100b44f88 undetected_chromedriver + 720776
8   undetected_chromedriver             0x0000000100b42a57 undetected_chromedriver + 711255
9   undetected_chromedriver             0x0000000100b41902 undetected_chromedriver + 706818
10  undetected_chromedriver             0x0000000100b35496 undetected_chromedriver + 656534
11  undetected_chromedriver             0x0000000100b627b2 undetected_chromedriver + 841650
12  undetected_chromedriver             0x0000000100b34e58 undetected_chromedriver + 654936
13  undetected_chromedriver             0x0000000100b6296e undetected_chromedriver + 842094
14  undetected_chromedriver             0x0000000100b7fb9b undetected_chromedriver + 961435
15  undetected_chromedriver             0x0000000100b62553 undetected_chromedriver + 841043
16  undetected_chromedriver             0x0000000100b337f6 undetected_chromedriver + 649206
17  undetected_chromedriver             0x0000000100b3405e undetected_chromedriver + 651358
18  undetected_chromedriver             0x0000000100f48aa0 undetected_chromedriver + 4930208
19  undetected_chromedriver             0x0000000100f4d9b6 undetected_chromedriver + 4950454
20  undetected_chromedriver             0x0000000100f4e085 undetected_chromedriver + 4952197
21  undetected_chromedriver             0x0000000100f2ae69 undetected_chromedriver + 4808297
22  undetected_chromedriver             0x0000000100f4e379 undetected_chromedriver + 4952953
23  undetected_chromedriver             0x0000000100f1c7c4 undetected_chromedriver + 4749252
24  undetected_chromedriver             0x0000000100f6d548 undetected_chromedriver + 5080392
25  undetected_chromedriver             0x0000000100f6d707 undetected_chromedriver + 5080839
26  undetected_chromedriver             0x0000000100f7ce4e undetected_chromedriver + 5144142
27  libsystem_pthread.dylib             0x00007ff81581018b _pthread_start + 99
28  libsystem_pthread.dylib             0x00007ff81580bae3 thread_start + 15

