2024-10-17 11:56:51,040 - ERROR - Test test_dmvvirginiagov_7752731f failed.
2024-10-17 11:56:51,043 - ERROR - URL at failure: https://appointments.dmv.virginia.gov/OABS/Appointment/Index/f9d2f0ce-2853-4b10-969f-2cfcdc543d1c
2024-10-17 11:56:51,043 - ERROR - Exception: self = <test.test_dmvvirginiagov.TestDmvVirginiaGov object at 0x107863a60>

    def test_dmvvirginiagov_7752731f(self):
        # self.driver.get("https://www.dmv.virginia.gov/")
        # navigation logic and page layout changed
        # self.driver.find_element(By.XPATH, "//a[contains(text(),'Make an Appointment')]").click()
        # self.driver.find_element(By.XPATH, "//a[contains(text(),'Book or Cancel Your Appointment')]").click()
        # self.driver.find_element(By.ID, "apptLink").click()
        # self.driver.find_element(By.XPATH, "//div[@id='5611b18f-4c1b-42b2-86c6-d0bd8358c476']/div[1]/div[1]").click()
        # self.driver.find_element(By.XPATH, "//div[@id='a2777b13-6fb2-4f42-af90-c4f6ae2a72a2']/div[1]/div[1]/div[1]/div[1]").click()
        # self.driver.find_element(By.XPATH, "//div[@id='36e4a071-79fa-4483-8b73-3499f0e9633c']/div[1]/div[1]/div[1]").click()
        # self.driver.find_element(By.XPATH, "//div[@id='e4e8d106-ccfb-4c66-ac7b-39bc56c107d9']/div[1]/div[1]/div[1]/div[2]").click()
        # self.driver.find_element(By.ID, "StepControls_2__Model_Value_Properties_0__Value").clear()
        # self.driver.find_element(By.ID, "StepControls_2__Model_Value_Properties_0__Value").send_keys("James")
        # self.driver.find_element(By.ID, "StepControls_2__Model_Value_Properties_1__Value").clear()
        # self.driver.find_element(By.ID, "StepControls_2__Model_Value_Properties_1__Value").send_keys("Smith")
        # self.driver.find_element(By.ID, "StepControls_2__Model_Value_Properties_2__Value").clear()
        # self.driver.find_element(By.ID, "StepControls_2__Model_Value_Properties_2__Value").send_keys("abac@abc.com")
        # self.driver.find_element(By.ID, "StepControls_2__Model_Value_Properties_3__Value").clear()
        # self.driver.find_element(By.ID, "StepControls_2__Model_Value_Properties_3__Value").send_keys("abac@abc.com")
        # self.driver.find_element(By.ID, "StepControls_2__Model_Value_Properties_4__Value").click()
        # self.driver.find_element(By.ID, "StepControls_2__Model_Value_Properties_4__Value").clear()
        # self.driver.find_element(By.ID, "StepControls_2__Model_Value_Properties_4__Value").send_keys("888899778")
        # self.driver.find_element(By.XPATH, "//input[@value='Next' and @type='submit']").click()
        # self.driver.find_element(By.XPATH, "//a[contains(text(),'Make an Appointment')]").click()
    
        self.driver.find_element(By.XPATH, "//body[@id='top']/div[3]/div/header/div[2]/div/div/div/a").click()
        self.driver.find_element(By.XPATH, "//main[@id='main']/div[3]/div/div[1]/div/div/div[1]/div/a").click()
        # can't use relative id xpath since dynamic id will be introduced
        self.driver.find_element(By.XPATH, "//button[@data-id='CALENDAR']").click()
        # can't use relative id xpath since dynamic id will be introduced
        self.driver.find_element(By.XPATH, "//button[@data-id='5']").click()
        # can't use relative id xpath since dynamic id will be introduced
        self.driver.find_element(By.XPATH, "//button[@data-id='38']").click()
        # can't use relative id xpath since dynamic id will be introduced
        self.driver.find_element(By.XPATH, "//button[@data-latitude='36.7176']").click()
    
        self.driver.find_element(By.XPATH, "//a[@aria-label='Go to next page of dates available']").click()
        self.driver.find_element(By.XPATH, "//div[@aria-label='Select a time']/div[5]/div[2]/div[1]").click()
        self.driver.find_element(By.XPATH, "//div[@aria-label='Select a time']/div[5]/div[2]/div[2]/div[2]").click()
        # sleep to avoid: Element click intercepted: xpath = //button[@type='submit' and @class='next-button-alt'] - Message: element click intercepted: Element is not clickable at point (1283, 1028)
        time.sleep(20)
>       self.driver.find_element(By.XPATH, "//button[@type='submit' and @class='next-button-alt']").click()

test/test_dmvvirginiagov.py:114: 
_ _ _ _ _ _ _ _ _ _ _ _ _ _ _ _ _ _ _ _ _ _ _ _ _ _ _ _ _ _ _ _ _ _ _ _ _ _ _ _ 
conftest.py:153: in click
    raise e
conftest.py:141: in click
    WebDriverWait(self.driver, 60).until(EC.element_to_be_clickable((self.by, self.value)))
_ _ _ _ _ _ _ _ _ _ _ _ _ _ _ _ _ _ _ _ _ _ _ _ _ _ _ _ _ _ _ _ _ _ _ _ _ _ _ _ 

self = <selenium.webdriver.support.wait.WebDriverWait (session="219e17b32ccb42a118c1a4ba2d74aca0")>
method = <function element_to_be_clickable.<locals>._predicate at 0x1078d04c0>
message = ''

    def until(self, method: Callable[[D], Union[Literal[False], T]], message: str = "") -> T:
        """Calls the method provided with the driver as an argument until the \
        return value does not evaluate to ``False``.
    
        :param method: callable(WebDriver)
        :param message: optional message for :exc:`TimeoutException`
        :returns: the result of the last call to `method`
        :raises: :exc:`selenium.common.exceptions.TimeoutException` if timeout occurs
        """
        screen = None
        stacktrace = None
    
        end_time = time.monotonic() + self._timeout
        while True:
            try:
                value = method(self._driver)
                if value:
                    return value
            except self._ignored_exceptions as exc:
                screen = getattr(exc, "screen", None)
                stacktrace = getattr(exc, "stacktrace", None)
            time.sleep(self._poll)
            if time.monotonic() > end_time:
                break
>       raise TimeoutException(message, screen, stacktrace)
E       selenium.common.exceptions.TimeoutException: Message:

.venv/lib/python3.10/site-packages/selenium/webdriver/support/wait.py:105: TimeoutException
2024-10-17 11:56:51,043 - ERROR - TimeoutException: Element not clickable within timeout: xpath = //button[@type='submit' and @class='next-button-alt'] - Message: 

