2025-05-26 22:36:20,967 - AutoTestFixer - ERROR - --- Test test_spothero_749dfeeb FAILED ---
2025-05-26 22:36:20,967 - AutoTestFixer - ERROR - URL at failure: https://spothero.com/
2025-05-26 22:36:20,967 - AutoTestFixer - ERROR - Traceback:
self = <test.test_spothero.TestSpothero object at 0x1084aabc0>

    def test_spothero_749dfeeb(self):
        self.driver.get("https://spothero.com/")
    
>       self.driver.find_element(By.XPATH, "//input[@name='search-input' and @value='' and @type='text' and @placeholder='Address, Place, City or Venue']").clear()

test/test_spothero.py:15: 
_ _ _ _ _ _ _ _ _ _ _ _ _ _ _ _ _ _ _ _ _ _ _ _ _ _ _ _ _ _ _ _ _ _ _ _ _ _ _ _ 
framework/custom_selenium.py:71: in find_element
    raise e
framework/custom_selenium.py:55: in find_element
    element = WebDriverWait(super(), WAIT_TIMEOUT).until(
_ _ _ _ _ _ _ _ _ _ _ _ _ _ _ _ _ _ _ _ _ _ _ _ _ _ _ _ _ _ _ _ _ _ _ _ _ _ _ _ 

self = <selenium.webdriver.support.wait.WebDriverWait (session="None")>
method = <function presence_of_element_located.<locals>._predicate at 0x10843f400>
message = ''

    def until(self, method: Callable[[D], Union[Literal[False], T]], message: str = "") -> T:
        """Calls the method provided with the driver as an argument until the \
        return value does not evaluate to ``False``.
    
        :param method: callable(WebDriver)
        :param message: optional message for :exc:`TimeoutException`
        :returns: the result of the last call to `method`
        :raises: :exc:`selenium.common.exceptions.TimeoutException` if timeout occurs
        """
        screen = None
        stacktrace = None
    
        end_time = time.monotonic() + self._timeout
        while True:
            try:
                value = method(self._driver)
                if value:
                    return value
            except self._ignored_exceptions as exc:
                screen = getattr(exc, "screen", None)
                stacktrace = getattr(exc, "stacktrace", None)
            time.sleep(self._poll)
            if time.monotonic() > end_time:
                break
>       raise TimeoutException(message, screen, stacktrace)
E       selenium.common.exceptions.TimeoutException: Message: 
E       Stacktrace:
E       0   undetected_chromedriver             0x0000000104fb7898 undetected_chromedriver + 5986456
E       1   undetected_chromedriver             0x0000000104fae9ca undetected_chromedriver + 5949898
E       2   undetected_chromedriver             0x0000000104a67600 undetected_chromedriver + 415232
E       3   undetected_chromedriver             0x0000000104ab9304 undetected_chromedriver + 750340
E       4   undetected_chromedriver             0x0000000104ab9521 undetected_chromedriver + 750881
E       5   undetected_chromedriver             0x0000000104b09204 undetected_chromedriver + 1077764
E       6   undetected_chromedriver             0x0000000104adf33d undetected_chromedriver + 906045
E       7   undetected_chromedriver             0x0000000104b06566 undetected_chromedriver + 1066342
E       8   undetected_chromedriver             0x0000000104adf0e3 undetected_chromedriver + 905443
E       9   undetected_chromedriver             0x0000000104aab61d undetected_chromedriver + 693789
E       10  undetected_chromedriver             0x0000000104aac281 undetected_chromedriver + 696961
E       11  undetected_chromedriver             0x0000000104f75560 undetected_chromedriver + 5715296
E       12  undetected_chromedriver             0x0000000104f79425 undetected_chromedriver + 5731365
E       13  undetected_chromedriver             0x0000000104f4feb0 undetected_chromedriver + 5562032
E       14  undetected_chromedriver             0x0000000104f79e5b undetected_chromedriver + 5733979
E       15  undetected_chromedriver             0x0000000104f3edc4 undetected_chromedriver + 5492164
E       16  undetected_chromedriver             0x0000000104f9ca78 undetected_chromedriver + 5876344
E       17  undetected_chromedriver             0x0000000104f9cc40 undetected_chromedriver + 5876800
E       18  undetected_chromedriver             0x0000000104fae591 undetected_chromedriver + 5948817
E       19  libsystem_pthread.dylib             0x00007ff812e64df1 _pthread_start + 99
E       20  libsystem_pthread.dylib             0x00007ff812e60857 thread_start + 15

.venv/lib/python3.10/site-packages/selenium/webdriver/support/wait.py:105: TimeoutException
2025-05-26 22:35:46,525 - AutoTestFixer - INFO - Attempting to navigate to URL: https://spothero.com/
2025-05-26 22:35:48,290 - AutoTestFixer - INFO - Successfully navigated to URL: https://spothero.com/
2025-05-26 22:35:50,293 - AutoTestFixer - INFO - Attempting to find element: xpath = //input[@name='search-input' and @value='' and @type='text' and @placeholder='Address, Place, City or Venue']
2025-05-26 22:36:20,361 - AutoTestFixer - ERROR - TimeoutException: Element not found within 30 seconds: xpath = //input[@name='search-input' and @value='' and @type='text' and @placeholder='Address, Place, City or Venue'] (Current page URL: https://spothero.com/)
2025-05-26 22:36:20,434 - AutoTestFixer - INFO - Test test_spothero_749dfeeb failed. Auto-fix mode: suggest. Initiating process.
2025-05-26 22:36:48,583 - AutoTestFixer - INFO - GPT suggestions:
-------------------------------------------------------
Potential fix (1): Replace brittle XPath with stable data-test selector for the search box.
Original code line/lines:
        self.driver.find_element(By.XPATH, "//input[@name='search-input' and @value='' and @type='text' and @placeholder='Address, Place, City or Venue']").clear()
        self.driver.find_element(By.XPATH, "//input[@name='search-input' and @value='' and @type='text' and @placeholder='Address, Place, City or Venue']").send_keys("Smithsonian National Air")
Fixed code line/lines:
        search_box = self.driver.find_element(By.CSS_SELECTOR, "input[data-testid='input-autocomplete']")
        search_box.clear()
        search_box.send_keys("Smithsonian National Air")
-------------------------------------------------------
Potential fix (2): Use the elementâ€™s id attribute for a simpler, unique locator.
Original code line/lines:
        self.driver.find_element(By.XPATH, "//input[@name='search-input' and @value='' and @type='text' and @placeholder='Address, Place, City or Venue']").clear()
        self.driver.find_element(By.XPATH, "//input[@name='search-input' and @value='' and @type='text' and @placeholder='Address, Place, City or Venue']").send_keys("Smithsonian National Air")
Fixed code line/lines:
        search_box = self.driver.find_element(By.ID, "input-autocomplete")
        search_box.clear()
        search_box.send_keys("Smithsonian National Air")
-------------------------------------------------------
Potential fix (3): Update XPath to match the new placeholder text visible on the page.
Original code line/lines:
        self.driver.find_element(By.XPATH, "//input[@name='search-input' and @value='' and @type='text' and @placeholder='Address, Place, City or Venue']").clear()
        self.driver.find_element(By.XPATH, "//input[@name='search-input' and @value='' and @type='text' and @placeholder='Address, Place, City or Venue']").send_keys("Smithsonian National Air")
Fixed code line/lines:
        search_box = self.driver.find_element(By.XPATH, "//input[@placeholder='Enter your destination']")
        search_box.clear()
        search_box.send_keys("Smithsonian National Air")
-------------------------------------------------------
Potential fix (4): Make the locator resilient to attribute changes by relying on partial-match placeholder text.
Original code line/lines:
        self.driver.find_element(By.XPATH, "//input[@name='search-input' and @value='' and @type='text' and @placeholder='Address, Place, City or Venue']").clear()
        self.driver.find_element(By.XPATH, "//input[@name='search-input' and @value='' and @type='text' and @placeholder='Address, Place, City or Venue']").send_keys("Smithsonian National Air")
Fixed code line/lines:
        search_box = self.driver.find_element(By.XPATH, "//input[contains(@placeholder,'destination')]")
        search_box.clear()
        search_box.send_keys("Smithsonian National Air")
-------------------------------------------------------
Potential fix (5): Preserve the existing XPath strategy but drop the fragile @value='' predicate.
Original code line/lines:
        self.driver.find_element(By.XPATH, "//input[@name='search-input' and @value='' and @type='text' and @placeholder='Address, Place, City or Venue']").clear()
        self.driver.find_element(By.XPATH, "//input[@name='search-input' and @value='' and @type='text' and @placeholder='Address, Place, City or Venue']").send_keys("Smithsonian National Air")
Fixed code line/lines:
        search_box = self.driver.find_element(By.XPATH, "//input[@type='search' and @placeholder='Enter your destination']")
        search_box.clear()
        search_box.send_keys("Smithsonian National Air")
-------------------------------------------------------
2025-05-26 22:36:48,583 - AutoTestFixer - INFO - Auto-fix mode is 'suggest'. Suggestions displayed. No patching or re-run will occur.
