2025-05-26 15:49:31,338 - AutoTestFixer - ERROR - --- Test test_courseraorg_228fc81a FAILED ---
2025-05-26 15:49:31,338 - AutoTestFixer - ERROR - URL at failure: https://www.coursera.org/skills-reports/job-skills?utm_campaign=website&utm_content=corp-to-landing-for-campus&utm_medium=coursera&utm_source=header
2025-05-26 15:49:31,338 - AutoTestFixer - ERROR - Traceback:
self = <test.test_courseraorg.TestCourseraOrg object at 0x1061e75b0>

    def test_courseraorg_228fc81a(self):
        self.driver.get("https://www.coursera.org/")
    
        self.driver.find_element(By.XPATH, "//span[contains(.,'For') and contains(.,' Universities')]").click()
        self.driver.find_element(By.XPATH, "//a[contains(text(),'Resources')]").click()
        self.driver.find_element(By.XPATH, "//div[@id='rendered-content']/div[1]/div[1]/div[1]/div[1]/header[1]/div[2]/div[1]/div[1]/div[1]/div[1]/div[2]/div[4]/div[1]/div[1]/div[1]/div[1]/div[1]/div[1]/div[1]/div[2]/a[1]").click()
    
>       self.driver.find_element(By.XPATH, "//a[@trackingname='EntWebsiteHow_job_skills_report_button_0']").click()

test/test_courseraorg.py:15: 
_ _ _ _ _ _ _ _ _ _ _ _ _ _ _ _ _ _ _ _ _ _ _ _ _ _ _ _ _ _ _ _ _ _ _ _ _ _ _ _ 
framework/custom_selenium.py:71: in find_element
    raise e
framework/custom_selenium.py:55: in find_element
    element = WebDriverWait(super(), WAIT_TIMEOUT).until(
_ _ _ _ _ _ _ _ _ _ _ _ _ _ _ _ _ _ _ _ _ _ _ _ _ _ _ _ _ _ _ _ _ _ _ _ _ _ _ _ 

self = <selenium.webdriver.support.wait.WebDriverWait (session="None")>
method = <function presence_of_element_located.<locals>._predicate at 0x1061f1000>
message = ''

    def until(self, method: Callable[[D], Union[Literal[False], T]], message: str = "") -> T:
        """Calls the method provided with the driver as an argument until the \
        return value does not evaluate to ``False``.
    
        :param method: callable(WebDriver)
        :param message: optional message for :exc:`TimeoutException`
        :returns: the result of the last call to `method`
        :raises: :exc:`selenium.common.exceptions.TimeoutException` if timeout occurs
        """
        screen = None
        stacktrace = None
    
        end_time = time.monotonic() + self._timeout
        while True:
            try:
                value = method(self._driver)
                if value:
                    return value
            except self._ignored_exceptions as exc:
                screen = getattr(exc, "screen", None)
                stacktrace = getattr(exc, "stacktrace", None)
            time.sleep(self._poll)
            if time.monotonic() > end_time:
                break
>       raise TimeoutException(message, screen, stacktrace)
E       selenium.common.exceptions.TimeoutException: Message: 
E       Stacktrace:
E       0   undetected_chromedriver             0x0000000102d80898 undetected_chromedriver + 5986456
E       1   undetected_chromedriver             0x0000000102d779ca undetected_chromedriver + 5949898
E       2   undetected_chromedriver             0x0000000102830600 undetected_chromedriver + 415232
E       3   undetected_chromedriver             0x0000000102882304 undetected_chromedriver + 750340
E       4   undetected_chromedriver             0x0000000102882521 undetected_chromedriver + 750881
E       5   undetected_chromedriver             0x00000001028d2204 undetected_chromedriver + 1077764
E       6   undetected_chromedriver             0x00000001028a833d undetected_chromedriver + 906045
E       7   undetected_chromedriver             0x00000001028cf566 undetected_chromedriver + 1066342
E       8   undetected_chromedriver             0x00000001028a80e3 undetected_chromedriver + 905443
E       9   undetected_chromedriver             0x000000010287461d undetected_chromedriver + 693789
E       10  undetected_chromedriver             0x0000000102875281 undetected_chromedriver + 696961
E       11  undetected_chromedriver             0x0000000102d3e560 undetected_chromedriver + 5715296
E       12  undetected_chromedriver             0x0000000102d42425 undetected_chromedriver + 5731365
E       13  undetected_chromedriver             0x0000000102d18eb0 undetected_chromedriver + 5562032
E       14  undetected_chromedriver             0x0000000102d42e5b undetected_chromedriver + 5733979
E       15  undetected_chromedriver             0x0000000102d07dc4 undetected_chromedriver + 5492164
E       16  undetected_chromedriver             0x0000000102d65a78 undetected_chromedriver + 5876344
E       17  undetected_chromedriver             0x0000000102d65c40 undetected_chromedriver + 5876800
E       18  undetected_chromedriver             0x0000000102d77591 undetected_chromedriver + 5948817
E       19  libsystem_pthread.dylib             0x00007ff812eccdf1 _pthread_start + 99
E       20  libsystem_pthread.dylib             0x00007ff812ec8857 thread_start + 15

.venv/lib/python3.10/site-packages/selenium/webdriver/support/wait.py:105: TimeoutException
2025-05-26 15:48:52,302 - AutoTestFixer - INFO - Attempting to navigate to URL: https://www.coursera.org/
2025-05-26 15:48:54,244 - AutoTestFixer - INFO - Successfully navigated to URL: https://www.coursera.org/
2025-05-26 15:48:56,247 - AutoTestFixer - INFO - Attempting to find element: xpath = //span[contains(.,'For') and contains(.,' Universities')]
2025-05-26 15:48:56,282 - AutoTestFixer - INFO - Successfully find element: xpath = //span[contains(.,'For') and contains(.,' Universities')]
2025-05-26 15:48:56,283 - AutoTestFixer - INFO - Attempting to click element: xpath = //span[contains(.,'For') and contains(.,' Universities')]
2025-05-26 15:48:56,283 - AutoTestFixer - INFO - Attempting to find element: xpath = //span[contains(.,'For') and contains(.,' Universities')]
2025-05-26 15:48:56,289 - AutoTestFixer - INFO - Successfully find element: xpath = //span[contains(.,'For') and contains(.,' Universities')]
2025-05-26 15:48:58,495 - AutoTestFixer - INFO - Element clicked: xpath = //span[contains(.,'For') and contains(.,' Universities')]
2025-05-26 15:48:58,495 - AutoTestFixer - INFO - Attempting to find element: xpath = //a[contains(text(),'Resources')]
2025-05-26 15:48:58,505 - AutoTestFixer - INFO - Successfully find element: xpath = //a[contains(text(),'Resources')]
2025-05-26 15:48:58,505 - AutoTestFixer - INFO - Attempting to click element: xpath = //a[contains(text(),'Resources')]
2025-05-26 15:48:58,505 - AutoTestFixer - INFO - Attempting to find element: xpath = //a[contains(text(),'Resources')]
2025-05-26 15:48:58,510 - AutoTestFixer - INFO - Successfully find element: xpath = //a[contains(text(),'Resources')]
2025-05-26 15:48:58,585 - AutoTestFixer - INFO - Element clicked: xpath = //a[contains(text(),'Resources')]
2025-05-26 15:48:58,585 - AutoTestFixer - INFO - Attempting to find element: xpath = //div[@id='rendered-content']/div[1]/div[1]/div[1]/div[1]/header[1]/div[2]/div[1]/div[1]/div[1]/div[1]/div[2]/div[4]/div[1]/div[1]/div[1]/div[1]/div[1]/div[1]/div[1]/div[2]/a[1]
2025-05-26 15:48:58,596 - AutoTestFixer - INFO - Successfully find element: xpath = //div[@id='rendered-content']/div[1]/div[1]/div[1]/div[1]/header[1]/div[2]/div[1]/div[1]/div[1]/div[1]/div[2]/div[4]/div[1]/div[1]/div[1]/div[1]/div[1]/div[1]/div[1]/div[2]/a[1]
2025-05-26 15:48:58,596 - AutoTestFixer - INFO - Attempting to click element: xpath = //div[@id='rendered-content']/div[1]/div[1]/div[1]/div[1]/header[1]/div[2]/div[1]/div[1]/div[1]/div[1]/div[2]/div[4]/div[1]/div[1]/div[1]/div[1]/div[1]/div[1]/div[1]/div[2]/a[1]
2025-05-26 15:48:58,596 - AutoTestFixer - INFO - Attempting to find element: xpath = //div[@id='rendered-content']/div[1]/div[1]/div[1]/div[1]/header[1]/div[2]/div[1]/div[1]/div[1]/div[1]/div[2]/div[4]/div[1]/div[1]/div[1]/div[1]/div[1]/div[1]/div[1]/div[2]/a[1]
2025-05-26 15:48:58,603 - AutoTestFixer - INFO - Successfully find element: xpath = //div[@id='rendered-content']/div[1]/div[1]/div[1]/div[1]/header[1]/div[2]/div[1]/div[1]/div[1]/div[1]/div[2]/div[4]/div[1]/div[1]/div[1]/div[1]/div[1]/div[1]/div[1]/div[2]/a[1]
2025-05-26 15:49:00,739 - AutoTestFixer - INFO - Element clicked: xpath = //div[@id='rendered-content']/div[1]/div[1]/div[1]/div[1]/header[1]/div[2]/div[1]/div[1]/div[1]/div[1]/div[2]/div[4]/div[1]/div[1]/div[1]/div[1]/div[1]/div[1]/div[1]/div[2]/a[1]
2025-05-26 15:49:00,739 - AutoTestFixer - INFO - Attempting to find element: xpath = //a[@trackingname='EntWebsiteHow_job_skills_report_button_0']
2025-05-26 15:49:30,843 - AutoTestFixer - ERROR - TimeoutException: Element not found within 30 seconds: xpath = //a[@trackingname='EntWebsiteHow_job_skills_report_button_0'] (Current page URL: https://www.coursera.org/skills-reports/job-skills?utm_campaign=website&utm_content=corp-to-landing-for-campus&utm_medium=coursera&utm_source=header)
2025-05-26 15:49:30,913 - AutoTestFixer - INFO - Test test_courseraorg_228fc81a failed. Auto-fix mode: suggest. Initiating process.
2025-05-26 15:49:48,658 - AutoTestFixer - INFO - GPT suggestions:
-------------------------------------------------------
Potential fix (1): Update XPath with correct trackingname attribute observed in DOM.
Original code line/lines:
        self.driver.find_element(By.XPATH, "//a[@trackingname='EntWebsiteHow_job_skills_report_button_0']").click()
Fixed code line/lines:
        self.driver.find_element(By.XPATH, "//a[@trackingname='EntWebsiteHow_job_skills_report_2025_hero_button_0']").click()
-------------------------------------------------------
Potential fix (2): Use a more flexible XPath that matches any job-skills report button containing the desired text.
Original code line/lines:
        self.driver.find_element(By.XPATH, "//a[@trackingname='EntWebsiteHow_job_skills_report_button_0']").click()
Fixed code line/lines:
        self.driver.find_element(By.XPATH, "//a[contains(@trackingname,'job_skills_report') and contains(text(),'Get report')]").click()
-------------------------------------------------------
Potential fix (3): Switch to simple link-text locator for the visible “Get report” button.
Original code line/lines:
        self.driver.find_element(By.XPATH, "//a[@trackingname='EntWebsiteHow_job_skills_report_button_0']").click()
Fixed code line/lines:
        self.driver.find_element(By.LINK_TEXT, "Get report").click()
-------------------------------------------------------
Potential fix (4): Scroll the “Get report” button into view before clicking to avoid off-screen element issues.
Original code line/lines:
        self.driver.find_element(By.XPATH, "//a[@trackingname='EntWebsiteHow_job_skills_report_button_0']").click()
Fixed code line/lines:
        get_report_btn = self.driver.find_element(By.LINK_TEXT, "Get report")
        self.driver.execute_script("arguments[0].scrollIntoView(true);", get_report_btn)
        get_report_btn.click()
-------------------------------------------------------
Potential fix (5): Use a concise CSS selector that targets the button via partial attributes and anchor hash.
Original code line/lines:
        self.driver.find_element(By.XPATH, "//a[@trackingname='EntWebsiteHow_job_skills_report_button_0']").click()
Fixed code line/lines:
        self.driver.find_element(By.CSS_SELECTOR, "a[trackingname*='job_skills_report'][href*='#form']").click()
-------------------------------------------------------
2025-05-26 15:49:48,658 - AutoTestFixer - INFO - Auto-fix mode is 'suggest'. Suggestions displayed. No patching or re-run will occur.
