2025-05-26 15:21:57,120 - AutoTestFixer - ERROR - --- Test test_cargurus_e832e1f9 FAILED ---
2025-05-26 15:21:57,120 - AutoTestFixer - ERROR - URL at failure: https://www.cargurus.com/
2025-05-26 15:21:57,120 - AutoTestFixer - ERROR - Traceback:
self = <test.test_cargurus.TestCargurus object at 0x1107ea590>

    def test_cargurus_e832e1f9(self):
        self.driver.get("https://www.cargurus.com/")
>       self.driver.find_element(By.XPATH, "//div[@id='heroSearch']/label[2]/span[1]").click()

test/test_cargurus.py:10: 
_ _ _ _ _ _ _ _ _ _ _ _ _ _ _ _ _ _ _ _ _ _ _ _ _ _ _ _ _ _ _ _ _ _ _ _ _ _ _ _ 
framework/custom_selenium.py:71: in find_element
    raise e
framework/custom_selenium.py:55: in find_element
    element = WebDriverWait(super(), WAIT_TIMEOUT).until(
_ _ _ _ _ _ _ _ _ _ _ _ _ _ _ _ _ _ _ _ _ _ _ _ _ _ _ _ _ _ _ _ _ _ _ _ _ _ _ _ 

self = <selenium.webdriver.support.wait.WebDriverWait (session="None")>
method = <function presence_of_element_located.<locals>._predicate at 0x110783400>
message = ''

    def until(self, method: Callable[[D], Union[Literal[False], T]], message: str = "") -> T:
        """Calls the method provided with the driver as an argument until the \
        return value does not evaluate to ``False``.
    
        :param method: callable(WebDriver)
        :param message: optional message for :exc:`TimeoutException`
        :returns: the result of the last call to `method`
        :raises: :exc:`selenium.common.exceptions.TimeoutException` if timeout occurs
        """
        screen = None
        stacktrace = None
    
        end_time = time.monotonic() + self._timeout
        while True:
            try:
                value = method(self._driver)
                if value:
                    return value
            except self._ignored_exceptions as exc:
                screen = getattr(exc, "screen", None)
                stacktrace = getattr(exc, "stacktrace", None)
            time.sleep(self._poll)
            if time.monotonic() > end_time:
                break
>       raise TimeoutException(message, screen, stacktrace)
E       selenium.common.exceptions.TimeoutException: Message: 
E       Stacktrace:
E       0   undetected_chromedriver             0x00000001047fd898 undetected_chromedriver + 5986456
E       1   undetected_chromedriver             0x00000001047f49ca undetected_chromedriver + 5949898
E       2   undetected_chromedriver             0x00000001042ad600 undetected_chromedriver + 415232
E       3   undetected_chromedriver             0x00000001042ff304 undetected_chromedriver + 750340
E       4   undetected_chromedriver             0x00000001042ff521 undetected_chromedriver + 750881
E       5   undetected_chromedriver             0x000000010434f204 undetected_chromedriver + 1077764
E       6   undetected_chromedriver             0x000000010432533d undetected_chromedriver + 906045
E       7   undetected_chromedriver             0x000000010434c566 undetected_chromedriver + 1066342
E       8   undetected_chromedriver             0x00000001043250e3 undetected_chromedriver + 905443
E       9   undetected_chromedriver             0x00000001042f161d undetected_chromedriver + 693789
E       10  undetected_chromedriver             0x00000001042f2281 undetected_chromedriver + 696961
E       11  undetected_chromedriver             0x00000001047bb560 undetected_chromedriver + 5715296
E       12  undetected_chromedriver             0x00000001047bf425 undetected_chromedriver + 5731365
E       13  undetected_chromedriver             0x0000000104795eb0 undetected_chromedriver + 5562032
E       14  undetected_chromedriver             0x00000001047bfe5b undetected_chromedriver + 5733979
E       15  undetected_chromedriver             0x0000000104784dc4 undetected_chromedriver + 5492164
E       16  undetected_chromedriver             0x00000001047e2a78 undetected_chromedriver + 5876344
E       17  undetected_chromedriver             0x00000001047e2c40 undetected_chromedriver + 5876800
E       18  undetected_chromedriver             0x00000001047f4591 undetected_chromedriver + 5948817
E       19  libsystem_pthread.dylib             0x00007ff80943cdf1 _pthread_start + 99
E       20  libsystem_pthread.dylib             0x00007ff809438857 thread_start + 15

.venv/lib/python3.10/site-packages/selenium/webdriver/support/wait.py:105: TimeoutException
2025-05-26 15:21:20,404 - AutoTestFixer - INFO - Attempting to navigate to URL: https://www.cargurus.com/
2025-05-26 15:21:23,614 - AutoTestFixer - INFO - Successfully navigated to URL: https://www.cargurus.com/
2025-05-26 15:21:25,620 - AutoTestFixer - INFO - Attempting to find element: xpath = //div[@id='heroSearch']/label[2]/span[1]
2025-05-26 15:21:55,711 - AutoTestFixer - ERROR - TimeoutException: Element not found within 30 seconds: xpath = //div[@id='heroSearch']/label[2]/span[1] (Current page URL: https://www.cargurus.com/)
2025-05-26 15:21:55,773 - AutoTestFixer - INFO - Test test_cargurus_e832e1f9 failed. Auto-fix mode: suggest. Initiating process.
2025-05-26 15:32:14,417 - AutoTestFixer - INFO - GPT suggestions:
-------------------------------------------------------
Potential fix (1): Update locator to the visible “Sell/Trade” tab button in the new hero search component.
Original code line/lines:
        self.driver.find_element(By.XPATH, "//div[@id='heroSearch']/label[2]/span[1]").click()
Fixed code line/lines:
        self.driver.find_element(By.XPATH, "//button[@role='tab' and descendant::p[normalize-space()='Sell/Trade']]").click()
-------------------------------------------------------
Potential fix (2): Use the stable header navigation “Sell” button (id = wai_snm_cnl_sell) instead of the removed hero element.
Original code line/lines:
        self.driver.find_element(By.XPATH, "//div[@id='heroSearch']/label[2]/span[1]").click()
Fixed code line/lines:
        self.driver.find_element(By.ID, "wai_snm_cnl_sell").click()
-------------------------------------------------------
Potential fix (3): Target the “Sell/Trade” tab via its aria-controls attribute, avoiding dynamic id changes.
Original code line/lines:
        self.driver.find_element(By.XPATH, "//div[@id='heroSearch']/label[2]/span[1]").click()
Fixed code line/lines:
        self.driver.find_element(By.XPATH, "//button[contains(@aria-controls,'content-sell')]").click()
-------------------------------------------------------
Potential fix (4): Skip the click entirely by navigating straight to the Sell-My-Car flow URL.
Original code line/lines:
        self.driver.find_element(By.XPATH, "//div[@id='heroSearch']/label[2]/span[1]").click()
Fixed code line/lines:
        self.driver.get("https://www.cargurus.com/sell-car/?pid=SellMyCarDesktopHeader")
-------------------------------------------------------
2025-05-26 15:32:14,417 - AutoTestFixer - INFO - Auto-fix mode is 'suggest'. Suggestions displayed. No patching or re-run will occur.
