2025-05-26 14:17:20,875 - AutoTestFixer - ERROR - --- Test test_amctheatres_29f47ddb FAILED ---
2025-05-26 14:17:20,875 - AutoTestFixer - ERROR - URL at failure: https://www.amctheatres.com/
2025-05-26 14:17:20,875 - AutoTestFixer - ERROR - Traceback:
self = <test.test_amctheatres.TestAmctheatres object at 0x10645fd30>

    def test_amctheatres_29f47ddb(self):
        self.driver.get("https://www.amctheatres.com")
>       self.driver.find_element(By.XPATH, "//button[@aria-label='Sign In to AMC Stubs Account']").click()

test/test_amctheatres.py:14: 
_ _ _ _ _ _ _ _ _ _ _ _ _ _ _ _ _ _ _ _ _ _ _ _ _ _ _ _ _ _ _ _ _ _ _ _ _ _ _ _ 
framework/custom_selenium.py:71: in find_element
    raise e
framework/custom_selenium.py:55: in find_element
    element = WebDriverWait(super(), WAIT_TIMEOUT).until(
_ _ _ _ _ _ _ _ _ _ _ _ _ _ _ _ _ _ _ _ _ _ _ _ _ _ _ _ _ _ _ _ _ _ _ _ _ _ _ _ 

self = <selenium.webdriver.support.wait.WebDriverWait (session="None")>
method = <function presence_of_element_located.<locals>._predicate at 0x106469a20>
message = ''

    def until(self, method: Callable[[D], Union[Literal[False], T]], message: str = "") -> T:
        """Calls the method provided with the driver as an argument until the \
        return value does not evaluate to ``False``.
    
        :param method: callable(WebDriver)
        :param message: optional message for :exc:`TimeoutException`
        :returns: the result of the last call to `method`
        :raises: :exc:`selenium.common.exceptions.TimeoutException` if timeout occurs
        """
        screen = None
        stacktrace = None
    
        end_time = time.monotonic() + self._timeout
        while True:
            try:
                value = method(self._driver)
                if value:
                    return value
            except self._ignored_exceptions as exc:
                screen = getattr(exc, "screen", None)
                stacktrace = getattr(exc, "stacktrace", None)
            time.sleep(self._poll)
            if time.monotonic() > end_time:
                break
>       raise TimeoutException(message, screen, stacktrace)
E       selenium.common.exceptions.TimeoutException: Message: 
E       Stacktrace:
E       0   undetected_chromedriver             0x0000000102b3c898 undetected_chromedriver + 5986456
E       1   undetected_chromedriver             0x0000000102b339ca undetected_chromedriver + 5949898
E       2   undetected_chromedriver             0x00000001025ec600 undetected_chromedriver + 415232
E       3   undetected_chromedriver             0x000000010263e304 undetected_chromedriver + 750340
E       4   undetected_chromedriver             0x000000010263e521 undetected_chromedriver + 750881
E       5   undetected_chromedriver             0x000000010268e204 undetected_chromedriver + 1077764
E       6   undetected_chromedriver             0x000000010266433d undetected_chromedriver + 906045
E       7   undetected_chromedriver             0x000000010268b566 undetected_chromedriver + 1066342
E       8   undetected_chromedriver             0x00000001026640e3 undetected_chromedriver + 905443
E       9   undetected_chromedriver             0x000000010263061d undetected_chromedriver + 693789
E       10  undetected_chromedriver             0x0000000102631281 undetected_chromedriver + 696961
E       11  undetected_chromedriver             0x0000000102afa560 undetected_chromedriver + 5715296
E       12  undetected_chromedriver             0x0000000102afe425 undetected_chromedriver + 5731365
E       13  undetected_chromedriver             0x0000000102ad4eb0 undetected_chromedriver + 5562032
E       14  undetected_chromedriver             0x0000000102afee5b undetected_chromedriver + 5733979
E       15  undetected_chromedriver             0x0000000102ac3dc4 undetected_chromedriver + 5492164
E       16  undetected_chromedriver             0x0000000102b21a78 undetected_chromedriver + 5876344
E       17  undetected_chromedriver             0x0000000102b21c40 undetected_chromedriver + 5876800
E       18  undetected_chromedriver             0x0000000102b33591 undetected_chromedriver + 5948817
E       19  libsystem_pthread.dylib             0x00007ff809bbcdf1 _pthread_start + 99
E       20  libsystem_pthread.dylib             0x00007ff809bb8857 thread_start + 15

.venv/lib/python3.10/site-packages/selenium/webdriver/support/wait.py:105: TimeoutException
2025-05-26 14:16:44,034 - AutoTestFixer - INFO - Attempting to navigate to URL: https://www.amctheatres.com
2025-05-26 14:16:47,166 - AutoTestFixer - INFO - Successfully navigated to URL: https://www.amctheatres.com
2025-05-26 14:16:49,172 - AutoTestFixer - INFO - Attempting to find element: xpath = //button[@aria-label='Sign In to AMC Stubs Account']
2025-05-26 14:17:19,695 - AutoTestFixer - ERROR - TimeoutException: Element not found within 30 seconds: xpath = //button[@aria-label='Sign In to AMC Stubs Account'] (Current page URL: https://www.amctheatres.com/)
2025-05-26 14:17:19,768 - AutoTestFixer - INFO - Test test_amctheatres_29f47ddb failed. Auto-fix mode: suggest. Initiating process.
2025-05-26 14:18:03,571 - AutoTestFixer - INFO - GPT suggestions:
-------------------------------------------------------
Potential fix (1): Update the locator to match the current “Sign In” nav button that has role="button" instead of the old aria-label.
Original code line/lines:
        self.driver.find_element(By.XPATH, "//button[@aria-label='Sign In to AMC Stubs Account']").click()
Fixed code line/lines:
        self.driver.find_element(By.XPATH, "//div[@role='button' and contains(., 'Sign In')]").click()
-------------------------------------------------------
Potential fix (2): Use the visible link/div text directly to avoid attribute changes.
Original code line/lines:
        self.driver.find_element(By.XPATH, "//button[@aria-label='Sign In to AMC Stubs Account']").click()
Fixed code line/lines:
        self.driver.find_element(By.XPATH, "//*[normalize-space()='Sign In']").click()
-------------------------------------------------------
Potential fix (3): Switch to By.LINK_TEXT for a simpler, resilient locator (covers future conversion to an <a> tag).
Original code line/lines:
        self.driver.find_element(By.XPATH, "//button[@aria-label='Sign In to AMC Stubs Account']").click()
Fixed code line/lines:
        self.driver.find_element(By.LINK_TEXT, "Sign In").click()
-------------------------------------------------------
Potential fix (4): Ensure the page is rendered in full-desktop layout so the Sign In control is present.
Original code line/lines:
        self.driver.get("https://www.amctheatres.com")
Fixed code line/lines:
        self.driver.get("https://www.amctheatres.com")
        self.driver.set_window_size(1920, 1080)
-------------------------------------------------------
Potential fix (5): Dismiss the top banner that can cover nav items before trying to click Sign In.
Original code line/lines (line before the failing click):
        self.driver.get("https://www.amctheatres.com")
Fixed code line/lines:
        self.driver.get("https://www.amctheatres.com")
        self.driver.find_element(By.XPATH, "//button[./svg/title[text()='Dismiss']]").click()
-------------------------------------------------------
2025-05-26 14:18:03,572 - AutoTestFixer - INFO - Auto-fix mode is 'suggest'. Suggestions displayed. No patching or re-run will occur.
