2024-10-16 14:13:22,730 - ERROR - Test test_amazon_1c6bfd10 failed.
2024-10-16 14:13:22,734 - ERROR - URL at failure: https://www.amazon.com/
2024-10-16 14:13:22,734 - ERROR - Exception: self = <test.test_amazon.TestAmazon object at 0x104e53b20>

    def test_amazon_1c6bfd10(self):
        # self.driver.get("https://amazon.com")
        self.driver.find_element(By.XPATH, "//a[@id='nav-hamburger-menu']/i[1]").click()
        self.driver.find_element(By.XPATH, "//div[@id='hmenu-content']/ul[1]/li[3]/a[1]/div[1]").click()
        # TODO somehow the selenium click is not working, so we need to invoke the javascript code here... same to test_aa
        # self.driver.execute_script("arguments[0].click()", self.driver.find_element(By.XPATH, "//*[@id='hmenu-content']/ul[3]/li[12]/a").get_native_element())
>       self.driver.find_element(By.XPATH, "//*[@id='hmenu-content']/ul[3]/li[12]/a").click()

test/test_amazon.py:42: 
_ _ _ _ _ _ _ _ _ _ _ _ _ _ _ _ _ _ _ _ _ _ _ _ _ _ _ _ _ _ _ _ _ _ _ _ _ _ _ _ 
conftest.py:158: in click
    raise e
conftest.py:142: in click
    self.element.click()
.venv/lib/python3.10/site-packages/selenium/webdriver/remote/webelement.py:94: in click
    self._execute(Command.CLICK_ELEMENT)
.venv/lib/python3.10/site-packages/selenium/webdriver/remote/webelement.py:395: in _execute
    return self._parent.execute(command, params)
.venv/lib/python3.10/site-packages/selenium/webdriver/remote/webdriver.py:354: in execute
    self.error_handler.check_response(response)
_ _ _ _ _ _ _ _ _ _ _ _ _ _ _ _ _ _ _ _ _ _ _ _ _ _ _ _ _ _ _ _ _ _ _ _ _ _ _ _ 

self = <selenium.webdriver.remote.errorhandler.ErrorHandler object at 0x104e51f00>
response = {'status': 400, 'value': '{"value":{"error":"element click intercepted","message":"element click intercepted: Element ...7ff80551818b _pthread_start + 99\\n24  libsystem_pthread.dylib             0x00007ff805513ae3 thread_start + 15\\n"}}'}

    def check_response(self, response: Dict[str, Any]) -> None:
        """Checks that a JSON response from the WebDriver does not have an
        error.
    
        :Args:
         - response - The JSON response from the WebDriver server as a dictionary
           object.
    
        :Raises: If the response contains an error message.
        """
        status = response.get("status", None)
        if not status or status == ErrorCode.SUCCESS:
            return
        value = None
        message = response.get("message", "")
        screen: str = response.get("screen", "")
        stacktrace = None
        if isinstance(status, int):
            value_json = response.get("value", None)
            if value_json and isinstance(value_json, str):
                import json
    
                try:
                    value = json.loads(value_json)
                    if len(value) == 1:
                        value = value["value"]
                    status = value.get("error", None)
                    if not status:
                        status = value.get("status", ErrorCode.UNKNOWN_ERROR)
                        message = value.get("value") or value.get("message")
                        if not isinstance(message, str):
                            value = message
                            message = message.get("message")
                    else:
                        message = value.get("message", None)
                except ValueError:
                    pass
    
        exception_class: Type[WebDriverException]
        e = ErrorCode()
        error_codes = [item for item in dir(e) if not item.startswith("__")]
        for error_code in error_codes:
            error_info = getattr(ErrorCode, error_code)
            if isinstance(error_info, list) and status in error_info:
                exception_class = getattr(ExceptionMapping, error_code, WebDriverException)
                break
        else:
            exception_class = WebDriverException
    
        if not value:
            value = response["value"]
        if isinstance(value, str):
            raise exception_class(value)
        if message == "" and "message" in value:
            message = value["message"]
    
        screen = None  # type: ignore[assignment]
        if "screen" in value:
            screen = value["screen"]
    
        stacktrace = None
        st_value = value.get("stackTrace") or value.get("stacktrace")
        if st_value:
            if isinstance(st_value, str):
                stacktrace = st_value.split("\n")
            else:
                stacktrace = []
                try:
                    for frame in st_value:
                        line = frame.get("lineNumber", "")
                        file = frame.get("fileName", "<anonymous>")
                        if line:
                            file = f"{file}:{line}"
                        meth = frame.get("methodName", "<anonymous>")
                        if "className" in frame:
                            meth = f"{frame['className']}.{meth}"
                        msg = "    at %s (%s)"
                        msg = msg % (meth, file)
                        stacktrace.append(msg)
                except TypeError:
                    pass
        if exception_class == UnexpectedAlertPresentException:
            alert_text = None
            if "data" in value:
                alert_text = value["data"].get("text")
            elif "alert" in value:
                alert_text = value["alert"].get("text")
            raise exception_class(message, screen, stacktrace, alert_text)  # type: ignore[call-arg]  # mypy is not smart enough here
>       raise exception_class(message, screen, stacktrace)
E       selenium.common.exceptions.ElementClickInterceptedException: Message: element click intercepted: Element <a href="/gp/browse.html?node=1286228011&amp;ref_=nav_em__ods_eink_con_books_0_2_3_10" class="hmenu-item">...</a> is not clickable at point (175, 530). Other element would receive the click: <div id="hmenu-content">...</div>
E         (Session info: chrome=130.0.6723.59)
E       Stacktrace:
E       0   undetected_chromedriver             0x0000000104883a58 undetected_chromedriver + 8141400
E       1   undetected_chromedriver             0x000000010487b94a undetected_chromedriver + 8108362
E       2   undetected_chromedriver             0x0000000104120f60 undetected_chromedriver + 397152
E       3   undetected_chromedriver             0x0000000104173dd6 undetected_chromedriver + 736726
E       4   undetected_chromedriver             0x0000000104171d48 undetected_chromedriver + 728392
E       5   undetected_chromedriver             0x000000010416f827 undetected_chromedriver + 718887
E       6   undetected_chromedriver             0x000000010416ec5b undetected_chromedriver + 715867
E       7   undetected_chromedriver             0x0000000104162318 undetected_chromedriver + 664344
E       8   undetected_chromedriver             0x0000000104191782 undetected_chromedriver + 857986
E       9   undetected_chromedriver             0x0000000104161d08 undetected_chromedriver + 662792
E       10  undetected_chromedriver             0x000000010419193e undetected_chromedriver + 858430
E       11  undetected_chromedriver             0x00000001041b00ce undetected_chromedriver + 983246
E       12  undetected_chromedriver             0x0000000104191523 undetected_chromedriver + 857379
E       13  undetected_chromedriver             0x0000000104160012 undetected_chromedriver + 655378
E       14  undetected_chromedriver             0x0000000104160fee undetected_chromedriver + 659438
E       15  undetected_chromedriver             0x00000001048487c0 undetected_chromedriver + 7899072
E       16  undetected_chromedriver             0x000000010484c714 undetected_chromedriver + 7915284
E       17  undetected_chromedriver             0x000000010482a597 undetected_chromedriver + 7775639
E       18  undetected_chromedriver             0x000000010484d19e undetected_chromedriver + 7917982
E       19  undetected_chromedriver             0x0000000104819874 undetected_chromedriver + 7706740
E       20  undetected_chromedriver             0x0000000104869d98 undetected_chromedriver + 8035736
E       21  undetected_chromedriver             0x0000000104869f56 undetected_chromedriver + 8036182
E       22  undetected_chromedriver             0x000000010487b558 undetected_chromedriver + 8107352
E       23  libsystem_pthread.dylib             0x00007ff80551818b _pthread_start + 99
E       24  libsystem_pthread.dylib             0x00007ff805513ae3 thread_start + 15

.venv/lib/python3.10/site-packages/selenium/webdriver/remote/errorhandler.py:229: ElementClickInterceptedException
2024-10-16 14:13:22,734 - ERROR - ElementClickInterceptedException: Element click intercepted: xpath = //*[@id='hmenu-content']/ul[3]/li[12]/a - Message: element click intercepted: Element <a href="/gp/browse.html?node=1286228011&amp;ref_=nav_em__ods_eink_con_books_0_2_3_10" class="hmenu-item">...</a> is not clickable at point (175, 530). Other element would receive the click: <div id="hmenu-content">...</div>
  (Session info: chrome=130.0.6723.59)
Stacktrace:
0   undetected_chromedriver             0x0000000104883a58 undetected_chromedriver + 8141400
1   undetected_chromedriver             0x000000010487b94a undetected_chromedriver + 8108362
2   undetected_chromedriver             0x0000000104120f60 undetected_chromedriver + 397152
3   undetected_chromedriver             0x0000000104173dd6 undetected_chromedriver + 736726
4   undetected_chromedriver             0x0000000104171d48 undetected_chromedriver + 728392
5   undetected_chromedriver             0x000000010416f827 undetected_chromedriver + 718887
6   undetected_chromedriver             0x000000010416ec5b undetected_chromedriver + 715867
7   undetected_chromedriver             0x0000000104162318 undetected_chromedriver + 664344
8   undetected_chromedriver             0x0000000104191782 undetected_chromedriver + 857986
9   undetected_chromedriver             0x0000000104161d08 undetected_chromedriver + 662792
10  undetected_chromedriver             0x000000010419193e undetected_chromedriver + 858430
11  undetected_chromedriver             0x00000001041b00ce undetected_chromedriver + 983246
12  undetected_chromedriver             0x0000000104191523 undetected_chromedriver + 857379
13  undetected_chromedriver             0x0000000104160012 undetected_chromedriver + 655378
14  undetected_chromedriver             0x0000000104160fee undetected_chromedriver + 659438
15  undetected_chromedriver             0x00000001048487c0 undetected_chromedriver + 7899072
16  undetected_chromedriver             0x000000010484c714 undetected_chromedriver + 7915284
17  undetected_chromedriver             0x000000010482a597 undetected_chromedriver + 7775639
18  undetected_chromedriver             0x000000010484d19e undetected_chromedriver + 7917982
19  undetected_chromedriver             0x0000000104819874 undetected_chromedriver + 7706740
20  undetected_chromedriver             0x0000000104869d98 undetected_chromedriver + 8035736
21  undetected_chromedriver             0x0000000104869f56 undetected_chromedriver + 8036182
22  undetected_chromedriver             0x000000010487b558 undetected_chromedriver + 8107352
23  libsystem_pthread.dylib             0x00007ff80551818b _pthread_start + 99
24  libsystem_pthread.dylib             0x00007ff805513ae3 thread_start + 15

