2025-05-26 21:45:21,742 - AutoTestFixer - ERROR - --- Test test_pensketruckrental_d1c3d4d2 FAILED ---
2025-05-26 21:45:21,742 - AutoTestFixer - ERROR - URL at failure: https://www.pensketruckrental.com/locations/us/massachusetts/
2025-05-26 21:45:21,742 - AutoTestFixer - ERROR - Traceback:
self = <test.test_pensketruckrental.TestPensketruckrental object at 0x10583aef0>

    def test_pensketruckrental_d1c3d4d2(self):
        self.driver.get("https://pensketruckrental.com")
        self.driver.find_element(By.XPATH, "//div[@class='right-side']//a[contains(text(),'Locations')]").click()
    
        self.driver.find_element(By.XPATH, "//a[contains(text(),'Massachusetts')]").click()
    
>       self.driver.find_element(By.XPATH, "//a[contains(text(),'Norwood')]").click()

test/test_pensketruckrental.py:17: 
_ _ _ _ _ _ _ _ _ _ _ _ _ _ _ _ _ _ _ _ _ _ _ _ _ _ _ _ _ _ _ _ _ _ _ _ _ _ _ _ 
framework/custom_selenium.py:71: in find_element
    raise e
framework/custom_selenium.py:55: in find_element
    element = WebDriverWait(super(), WAIT_TIMEOUT).until(
_ _ _ _ _ _ _ _ _ _ _ _ _ _ _ _ _ _ _ _ _ _ _ _ _ _ _ _ _ _ _ _ _ _ _ _ _ _ _ _ 

self = <selenium.webdriver.support.wait.WebDriverWait (session="None")>
method = <function presence_of_element_located.<locals>._predicate at 0x10588de10>
message = ''

    def until(self, method: Callable[[D], Union[Literal[False], T]], message: str = "") -> T:
        """Calls the method provided with the driver as an argument until the \
        return value does not evaluate to ``False``.
    
        :param method: callable(WebDriver)
        :param message: optional message for :exc:`TimeoutException`
        :returns: the result of the last call to `method`
        :raises: :exc:`selenium.common.exceptions.TimeoutException` if timeout occurs
        """
        screen = None
        stacktrace = None
    
        end_time = time.monotonic() + self._timeout
        while True:
            try:
                value = method(self._driver)
                if value:
                    return value
            except self._ignored_exceptions as exc:
                screen = getattr(exc, "screen", None)
                stacktrace = getattr(exc, "stacktrace", None)
            time.sleep(self._poll)
            if time.monotonic() > end_time:
                break
>       raise TimeoutException(message, screen, stacktrace)
E       selenium.common.exceptions.TimeoutException: Message: 
E       Stacktrace:
E       0   undetected_chromedriver             0x00000001013d3898 undetected_chromedriver + 5986456
E       1   undetected_chromedriver             0x00000001013ca9ca undetected_chromedriver + 5949898
E       2   undetected_chromedriver             0x0000000100e83600 undetected_chromedriver + 415232
E       3   undetected_chromedriver             0x0000000100ed5304 undetected_chromedriver + 750340
E       4   undetected_chromedriver             0x0000000100ed5521 undetected_chromedriver + 750881
E       5   undetected_chromedriver             0x0000000100f25204 undetected_chromedriver + 1077764
E       6   undetected_chromedriver             0x0000000100efb33d undetected_chromedriver + 906045
E       7   undetected_chromedriver             0x0000000100f22566 undetected_chromedriver + 1066342
E       8   undetected_chromedriver             0x0000000100efb0e3 undetected_chromedriver + 905443
E       9   undetected_chromedriver             0x0000000100ec761d undetected_chromedriver + 693789
E       10  undetected_chromedriver             0x0000000100ec8281 undetected_chromedriver + 696961
E       11  undetected_chromedriver             0x0000000101391560 undetected_chromedriver + 5715296
E       12  undetected_chromedriver             0x0000000101395425 undetected_chromedriver + 5731365
E       13  undetected_chromedriver             0x000000010136beb0 undetected_chromedriver + 5562032
E       14  undetected_chromedriver             0x0000000101395e5b undetected_chromedriver + 5733979
E       15  undetected_chromedriver             0x000000010135adc4 undetected_chromedriver + 5492164
E       16  undetected_chromedriver             0x00000001013b8a78 undetected_chromedriver + 5876344
E       17  undetected_chromedriver             0x00000001013b8c40 undetected_chromedriver + 5876800
E       18  undetected_chromedriver             0x00000001013ca591 undetected_chromedriver + 5948817
E       19  libsystem_pthread.dylib             0x00007ff80db54df1 _pthread_start + 99
E       20  libsystem_pthread.dylib             0x00007ff80db50857 thread_start + 15

.venv/lib/python3.10/site-packages/selenium/webdriver/support/wait.py:105: TimeoutException
2025-05-26 21:44:43,691 - AutoTestFixer - INFO - Attempting to navigate to URL: https://pensketruckrental.com
2025-05-26 21:44:46,847 - AutoTestFixer - INFO - Successfully navigated to URL: https://pensketruckrental.com
2025-05-26 21:44:49,017 - AutoTestFixer - INFO - Attempting to find element: xpath = //div[@class='right-side']//a[contains(text(),'Locations')]
2025-05-26 21:44:49,042 - AutoTestFixer - INFO - Successfully find element: xpath = //div[@class='right-side']//a[contains(text(),'Locations')]
2025-05-26 21:44:49,042 - AutoTestFixer - INFO - Attempting to click element: xpath = //div[@class='right-side']//a[contains(text(),'Locations')]
2025-05-26 21:44:49,042 - AutoTestFixer - INFO - Attempting to find element: xpath = //div[@class='right-side']//a[contains(text(),'Locations')]
2025-05-26 21:44:49,049 - AutoTestFixer - INFO - Successfully find element: xpath = //div[@class='right-side']//a[contains(text(),'Locations')]
2025-05-26 21:44:49,609 - AutoTestFixer - INFO - Element clicked: xpath = //div[@class='right-side']//a[contains(text(),'Locations')]
2025-05-26 21:44:49,610 - AutoTestFixer - INFO - Attempting to find element: xpath = //a[contains(text(),'Massachusetts')]
2025-05-26 21:44:49,622 - AutoTestFixer - INFO - Successfully find element: xpath = //a[contains(text(),'Massachusetts')]
2025-05-26 21:44:49,622 - AutoTestFixer - INFO - Attempting to click element: xpath = //a[contains(text(),'Massachusetts')]
2025-05-26 21:44:49,622 - AutoTestFixer - INFO - Attempting to find element: xpath = //a[contains(text(),'Massachusetts')]
2025-05-26 21:44:49,627 - AutoTestFixer - INFO - Successfully find element: xpath = //a[contains(text(),'Massachusetts')]
2025-05-26 21:44:50,099 - AutoTestFixer - INFO - Element clicked: xpath = //a[contains(text(),'Massachusetts')]
2025-05-26 21:44:50,099 - AutoTestFixer - INFO - Attempting to find element: xpath = //a[contains(text(),'Norwood')]
2025-05-26 21:45:20,186 - AutoTestFixer - ERROR - TimeoutException: Element not found within 30 seconds: xpath = //a[contains(text(),'Norwood')] (Current page URL: https://www.pensketruckrental.com/locations/us/massachusetts/)
2025-05-26 21:45:20,280 - AutoTestFixer - INFO - Test test_pensketruckrental_d1c3d4d2 failed. Auto-fix mode: suggest. Initiating process.
2025-05-26 21:45:58,863 - AutoTestFixer - INFO - GPT suggestions:
-------------------------------------------------------
Potential fix (1): Location ‘Norwood’ no longer exists – click on an available location (e.g., “Norton”) instead.  
Original code line/lines:
        self.driver.find_element(By.XPATH, "//a[contains(text(),'Norwood')]").click()
Fixed code line/lines:
        self.driver.find_element(By.XPATH, "//a[contains(text(),'Norton')]").click()
-------------------------------------------------------
Potential fix (2): Scroll the location link into view before clicking so it’s interactable.  
Original code line/lines:
        self.driver.find_element(By.XPATH, "//a[contains(text(),'Norwood')]").click()
Fixed code line/lines:
        location_el = self.driver.find_element(By.XPATH, "//a[contains(text(),'Norton')]")
        self.driver.execute_script("arguments[0].scrollIntoView({block:'center'});", location_el.get_native_element())
        location_el.click()
-------------------------------------------------------
Potential fix (3): Ensure list view is active first, then click the location.  
Original code line/lines:
        self.driver.find_element(By.XPATH, "//a[contains(text(),'Norwood')]").click()
Fixed code line/lines:
        self.driver.find_element(By.XPATH, "//a[@class='tablink desktop-map-view' and text()='List View']").click()
        self.driver.find_element(By.XPATH, "//a[contains(text(),'Norton')]").click()
-------------------------------------------------------
Potential fix (4): Use partial-link-text locator which is simpler and resilient.  
Original code line/lines:
        self.driver.find_element(By.XPATH, "//a[contains(text(),'Norwood')]").click()
Fixed code line/lines:
        self.driver.find_element(By.PARTIAL_LINK_TEXT, "Norton").click()
-------------------------------------------------------
Potential fix (5): Add a filter to locate the Massachusetts section first, then the location link to avoid accidental matches.  
Original code line/lines:
        self.driver.find_element(By.XPATH, "//a[contains(text(),'Norwood')]").click()
Fixed code line/lines:
        self.driver.find_element(By.XPATH, "//li[@class='rm-breadcrumb__item--post']//a[text()='Massachusetts']").click()
        self.driver.find_element(By.XPATH, "//a[contains(@href, '/norton/') and contains(@class,'sections-item')]").click()
-------------------------------------------------------
2025-05-26 21:45:58,864 - AutoTestFixer - INFO - Auto-fix mode is 'suggest'. Suggestions displayed. No patching or re-run will occur.
