2025-05-26 17:00:12,641 - AutoTestFixer - ERROR - --- Test test_glassdoor_36113c94 FAILED ---
2025-05-26 17:00:12,641 - AutoTestFixer - ERROR - URL at failure: https://www.glassdoor.com/index.htm
2025-05-26 17:00:12,641 - AutoTestFixer - ERROR - Traceback:
self = <test.test_glassdoor.TestGlassdoor object at 0x103592800>

    def test_glassdoor_36113c94(self):
        self.driver.get("https://glassdoor.com")
    
>       self.driver.find_element(By.XPATH, "//div[@id='SignInButton']/button[1]").click()

test/test_glassdoor.py:13: 
_ _ _ _ _ _ _ _ _ _ _ _ _ _ _ _ _ _ _ _ _ _ _ _ _ _ _ _ _ _ _ _ _ _ _ _ _ _ _ _ 
framework/custom_selenium.py:71: in find_element
    raise e
framework/custom_selenium.py:55: in find_element
    element = WebDriverWait(super(), WAIT_TIMEOUT).until(
_ _ _ _ _ _ _ _ _ _ _ _ _ _ _ _ _ _ _ _ _ _ _ _ _ _ _ _ _ _ _ _ _ _ _ _ _ _ _ _ 

self = <selenium.webdriver.support.wait.WebDriverWait (session="None")>
method = <function presence_of_element_located.<locals>._predicate at 0x103527400>
message = ''

    def until(self, method: Callable[[D], Union[Literal[False], T]], message: str = "") -> T:
        """Calls the method provided with the driver as an argument until the \
        return value does not evaluate to ``False``.
    
        :param method: callable(WebDriver)
        :param message: optional message for :exc:`TimeoutException`
        :returns: the result of the last call to `method`
        :raises: :exc:`selenium.common.exceptions.TimeoutException` if timeout occurs
        """
        screen = None
        stacktrace = None
    
        end_time = time.monotonic() + self._timeout
        while True:
            try:
                value = method(self._driver)
                if value:
                    return value
            except self._ignored_exceptions as exc:
                screen = getattr(exc, "screen", None)
                stacktrace = getattr(exc, "stacktrace", None)
            time.sleep(self._poll)
            if time.monotonic() > end_time:
                break
>       raise TimeoutException(message, screen, stacktrace)
E       selenium.common.exceptions.TimeoutException: Message: 
E       Stacktrace:
E       0   undetected_chromedriver             0x0000000100d76898 undetected_chromedriver + 5986456
E       1   undetected_chromedriver             0x0000000100d6d9ca undetected_chromedriver + 5949898
E       2   undetected_chromedriver             0x0000000100826600 undetected_chromedriver + 415232
E       3   undetected_chromedriver             0x0000000100878304 undetected_chromedriver + 750340
E       4   undetected_chromedriver             0x0000000100878521 undetected_chromedriver + 750881
E       5   undetected_chromedriver             0x00000001008c8204 undetected_chromedriver + 1077764
E       6   undetected_chromedriver             0x000000010089e33d undetected_chromedriver + 906045
E       7   undetected_chromedriver             0x00000001008c5566 undetected_chromedriver + 1066342
E       8   undetected_chromedriver             0x000000010089e0e3 undetected_chromedriver + 905443
E       9   undetected_chromedriver             0x000000010086a61d undetected_chromedriver + 693789
E       10  undetected_chromedriver             0x000000010086b281 undetected_chromedriver + 696961
E       11  undetected_chromedriver             0x0000000100d34560 undetected_chromedriver + 5715296
E       12  undetected_chromedriver             0x0000000100d38425 undetected_chromedriver + 5731365
E       13  undetected_chromedriver             0x0000000100d0eeb0 undetected_chromedriver + 5562032
E       14  undetected_chromedriver             0x0000000100d38e5b undetected_chromedriver + 5733979
E       15  undetected_chromedriver             0x0000000100cfddc4 undetected_chromedriver + 5492164
E       16  undetected_chromedriver             0x0000000100d5ba78 undetected_chromedriver + 5876344
E       17  undetected_chromedriver             0x0000000100d5bc40 undetected_chromedriver + 5876800
E       18  undetected_chromedriver             0x0000000100d6d591 undetected_chromedriver + 5948817
E       19  libsystem_pthread.dylib             0x00007ff81b7f0df1 _pthread_start + 99
E       20  libsystem_pthread.dylib             0x00007ff81b7ec857 thread_start + 15

.venv/lib/python3.10/site-packages/selenium/webdriver/support/wait.py:105: TimeoutException
2025-05-26 16:59:38,076 - AutoTestFixer - INFO - Attempting to navigate to URL: https://glassdoor.com
2025-05-26 16:59:40,024 - AutoTestFixer - INFO - Successfully navigated to URL: https://glassdoor.com
2025-05-26 16:59:42,029 - AutoTestFixer - INFO - Attempting to find element: xpath = //div[@id='SignInButton']/button[1]
2025-05-26 17:00:12,051 - AutoTestFixer - ERROR - TimeoutException: Element not found within 30 seconds: xpath = //div[@id='SignInButton']/button[1] (Current page URL: https://www.glassdoor.com/index.htm)
2025-05-26 17:00:12,124 - AutoTestFixer - INFO - Test test_glassdoor_36113c94 failed. Auto-fix mode: suggest. Initiating process.
2025-05-26 17:02:00,429 - AutoTestFixer - INFO - GPT suggestions:
-------------------------------------------------------
Potential fix (1): Replace outdated XPath with aria-label based locator for the top-right “Sign In” button.
Original code line/lines:
        self.driver.find_element(By.XPATH, "//div[@id='SignInButton']/button[1]").click()
Fixed code line/lines:
        self.driver.find_element(By.XPATH, "//button[@aria-label='sign in']").click()
-------------------------------------------------------
Potential fix (2): Use visible button text to locate the “Sign In” button, avoiding dependence on any attributes that may change.
Original code line/lines:
        self.driver.find_element(By.XPATH, "//div[@id='SignInButton']/button[1]").click()
Fixed code line/lines:
        self.driver.find_element(By.XPATH, "//span[normalize-space()='Sign In']/ancestor::button").click()
-------------------------------------------------------
Potential fix (3): Switch to a concise CSS selector that targets the same aria-label attribute.
Original code line/lines:
        self.driver.find_element(By.XPATH, "//div[@id='SignInButton']/button[1]").click()
Fixed code line/lines:
        self.driver.find_element(By.CSS_SELECTOR, "button[aria-label='sign in']").click()
-------------------------------------------------------
Potential fix (4): Use the SVG’s data-test attribute nested in the button for a stable locator.
Original code line/lines:
        self.driver.find_element(By.XPATH, "//div[@id='SignInButton']/button[1]").click()
Fixed code line/lines:
        self.driver.find_element(By.XPATH, "//button[.//svg[@data-test='sign-in-svg']]").click()
-------------------------------------------------------
Potential fix (5): Navigate directly to the canonical URL with www subdomain to prevent unexpected redirects that may delay element rendering.
Original code line/lines:
        self.driver.get("https://glassdoor.com")
Fixed code line/lines:
        self.driver.get("https://www.glassdoor.com/")
-------------------------------------------------------
2025-05-26 17:02:00,429 - AutoTestFixer - INFO - Auto-fix mode is 'suggest'. Suggestions displayed. No patching or re-run will occur.
