2025-05-12 18:08:01,959 - ERROR - Test test_adoptapet_b49c669d failed.
2025-05-12 18:08:01,962 - ERROR - URL at failure: https://www.adoptapet.com/
2025-05-12 18:08:01,962 - ERROR - Exception traceback: self = <test.test_adoptapet.TestAdoptapet object at 0x107f63820>

    def test_adoptapet_b49c669d(self):
        self.driver.get("https://adoptapet.com")
    
        # self.driver.find_element(By.XPATH, "//span[contains(text(),'Find a pet')]").click()
        self.driver.find_element(By.XPATH, "//span[@title='Find a Pet']").click()
    
>       self.driver.find_element(By.XPATH, "//a[contains(text(),'Find a dog')]").click()

test/test_adoptapet.py:17: 
_ _ _ _ _ _ _ _ _ _ _ _ _ _ _ _ _ _ _ _ _ _ _ _ _ _ _ _ _ _ _ _ _ _ _ _ _ _ _ _ 
conftest.py:164: in find_element
    raise e
conftest.py:148: in find_element
    element = WebDriverWait(super(), WAIT_TIMEOUT).until(
_ _ _ _ _ _ _ _ _ _ _ _ _ _ _ _ _ _ _ _ _ _ _ _ _ _ _ _ _ _ _ _ _ _ _ _ _ _ _ _ 

self = <selenium.webdriver.support.wait.WebDriverWait (session="None")>
method = <function presence_of_element_located.<locals>._predicate at 0x107f989d0>
message = ''

    def until(self, method: Callable[[D], Union[Literal[False], T]], message: str = "") -> T:
        """Calls the method provided with the driver as an argument until the \
        return value does not evaluate to ``False``.
    
        :param method: callable(WebDriver)
        :param message: optional message for :exc:`TimeoutException`
        :returns: the result of the last call to `method`
        :raises: :exc:`selenium.common.exceptions.TimeoutException` if timeout occurs
        """
        screen = None
        stacktrace = None
    
        end_time = time.monotonic() + self._timeout
        while True:
            try:
                value = method(self._driver)
                if value:
                    return value
            except self._ignored_exceptions as exc:
                screen = getattr(exc, "screen", None)
                stacktrace = getattr(exc, "stacktrace", None)
            time.sleep(self._poll)
            if time.monotonic() > end_time:
                break
>       raise TimeoutException(message, screen, stacktrace)
E       selenium.common.exceptions.TimeoutException: Message: 
E       Stacktrace:
E       0   undetected_chromedriver             0x0000000102afa8b8 undetected_chromedriver + 5986488
E       1   undetected_chromedriver             0x0000000102af19ea undetected_chromedriver + 5949930
E       2   undetected_chromedriver             0x00000001025aa600 undetected_chromedriver + 415232
E       3   undetected_chromedriver             0x00000001025fc304 undetected_chromedriver + 750340
E       4   undetected_chromedriver             0x00000001025fc521 undetected_chromedriver + 750881
E       5   undetected_chromedriver             0x000000010264c204 undetected_chromedriver + 1077764
E       6   undetected_chromedriver             0x000000010262233d undetected_chromedriver + 906045
E       7   undetected_chromedriver             0x0000000102649566 undetected_chromedriver + 1066342
E       8   undetected_chromedriver             0x00000001026220e3 undetected_chromedriver + 905443
E       9   undetected_chromedriver             0x00000001025ee61d undetected_chromedriver + 693789
E       10  undetected_chromedriver             0x00000001025ef281 undetected_chromedriver + 696961
E       11  undetected_chromedriver             0x0000000102ab8580 undetected_chromedriver + 5715328
E       12  undetected_chromedriver             0x0000000102abc445 undetected_chromedriver + 5731397
E       13  undetected_chromedriver             0x0000000102a92ed0 undetected_chromedriver + 5562064
E       14  undetected_chromedriver             0x0000000102abce7b undetected_chromedriver + 5734011
E       15  undetected_chromedriver             0x0000000102a81de4 undetected_chromedriver + 5492196
E       16  undetected_chromedriver             0x0000000102adfa98 undetected_chromedriver + 5876376
E       17  undetected_chromedriver             0x0000000102adfc60 undetected_chromedriver + 5876832
E       18  undetected_chromedriver             0x0000000102af15b1 undetected_chromedriver + 5948849
E       19  libsystem_pthread.dylib             0x00007ff81a560df1 _pthread_start + 99
E       20  libsystem_pthread.dylib             0x00007ff81a55c857 thread_start + 15

.venv/lib/python3.10/site-packages/selenium/webdriver/support/wait.py:105: TimeoutException
2025-05-12 18:07:26,788 - INFO - Attempting to navigate to URL: https://adoptapet.com
2025-05-12 18:07:28,033 - INFO - Successfully navigated to URL: https://adoptapet.com
2025-05-12 18:07:30,937 - INFO - Attempting to find element: xpath = //span[@title='Find a Pet']
2025-05-12 18:07:30,967 - INFO - Successfully find element: xpath = //span[@title='Find a Pet']
2025-05-12 18:07:30,967 - INFO - Attempting to click element: xpath = //span[@title='Find a Pet']
2025-05-12 18:07:30,967 - INFO - Attempting to find element: xpath = //span[@title='Find a Pet']
2025-05-12 18:07:30,974 - INFO - Successfully find element: xpath = //span[@title='Find a Pet']
2025-05-12 18:07:31,023 - INFO - Element clicked: xpath = //span[@title='Find a Pet']
2025-05-12 18:07:31,024 - INFO - Attempting to find element: xpath = //a[contains(text(),'Find a dog')]
2025-05-12 18:08:01,128 - ERROR - TimeoutException: Element not found within 30 seconds: xpath = //a[contains(text(),'Find a dog')] (Current page URL: https://www.adoptapet.com/)
2025-05-12 18:10:02,959 - INFO - GPT suggestions:
-------------------------------------------------------
Potential fix (1): Hover to open the dropdown instead of clicking, then click using a locator based on href.
Original code line/lines:
self.driver.find_element(By.XPATH, "//span[@title='Find a Pet']").click()
self.driver.find_element(By.XPATH, "//a[contains(text(),'Find a dog')]").click()
Fixed code line/lines:
menu = self.driver.find_element(By.XPATH, "//span[@title='Find a Pet']")
ActionChains(self.driver).move_to_element(menu).pause(0.5).perform()
self.driver.find_element(By.XPATH, "//a[@href='/dog-adoption']").click()
-------------------------------------------------------
Potential fix (2): Use a more robust locator that relies on the anchorâ€™s href instead of the displayed text.
Original code line/lines:
self.driver.find_element(By.XPATH, "//a[contains(text(),'Find a dog')]").click()
Fixed code line/lines:
self.driver.find_element(By.XPATH, "//a[@href='/dog-adoption']").click()
-------------------------------------------------------
Potential fix (3): Give the dropdown animation a brief moment to render before finding the link.
Original code line/lines:
self.driver.find_element(By.XPATH, "//span[@title='Find a Pet']").click()
self.driver.find_element(By.XPATH, "//a[contains(text(),'Find a dog')]").click()
Fixed code line/lines:
self.driver.find_element(By.XPATH, "//span[@title='Find a Pet']").click()
time.sleep(0.5)   # allow dropdown to finish animating
self.driver.find_element(By.XPATH, "//a[@href='/dog-adoption']").click()
-------------------------------------------------------
Potential fix (4): Skip the menu entirely and navigate straight to the dog-adoption page.
Original code line/lines:
self.driver.find_element(By.XPATH, "//span[@title='Find a Pet']").click()
self.driver.find_element(By.XPATH, "//a[contains(text(),'Find a dog')]").click()
Fixed code line/lines:
self.driver.get("https://www.adoptapet.com/dog-adoption")
-------------------------------------------------------
Potential fix (5): Fall back to a JavaScript click if the normal click keeps failing.
Original code line/lines:
self.driver.find_element(By.XPATH, "//a[contains(text(),'Find a dog')]").click()
Fixed code line/lines:
dog_link = self.driver.find_element(By.XPATH, "//a[@href='/dog-adoption']")
self.driver.execute_script("arguments[0].click();", dog_link)
-------------------------------------------------------
