2024-07-24 17:03:22,331 - ERROR - Test test_glassdoor_36113c94 failed.
2024-07-24 17:03:22,334 - ERROR - URL at failure: https://www.glassdoor.com/index.htm?countryPickerRedirect=true
2024-07-24 17:03:22,334 - ERROR - Exception: self = <test.test_glassdoor.TestGlassdoor object at 0x1036632e0>

    def test_glassdoor_36113c94(self):
        # self.driver.get("https://glassdoor.com")
        # uiteststudy@gmail.com:Pass4Glassdoor2024!
        time.sleep(7)
        # add login steps
        self.driver.find_element(By.XPATH, "//div[@id='SignInButton']/button[1]").click()
        self.driver.find_element(By.ID, "modalUserEmail").clear()
        self.driver.find_element(By.ID, "modalUserEmail").send_keys("uiteststudy@gmail.com")
        self.driver.find_element(By.XPATH, "//div[@data-test='authModalContainerV2-content']//button[@data-test='email-form-button']").click()
        self.driver.find_element(By.ID, "modalUserPassword").clear()
        self.driver.find_element(By.ID, "modalUserPassword").send_keys("Pass4Glassdoor2024!")
    
        # selenium.common.exceptions.ElementClickInterceptedException: Message: element click intercepted.
        # if locate to div then will overlap with element "show password" and be intercepted
        # If located to button then will have overlap with element "show password" and be intercepted
        # if locate to span then will intercept by parent div
>       self.driver.find_element(By.XPATH, "//div[@id='InlineLoginModule']/div/div[1]/div[1]/div/div/div/form/div[2]/button[1]").click()

test/test_glassdoor.py:188: 
_ _ _ _ _ _ _ _ _ _ _ _ _ _ _ _ _ _ _ _ _ _ _ _ _ _ _ _ _ _ _ _ _ _ _ _ _ _ _ _ 
conftest.py:158: in click
    raise e
conftest.py:142: in click
    self.element.click()
.venv/lib/python3.10/site-packages/selenium/webdriver/remote/webelement.py:94: in click
    self._execute(Command.CLICK_ELEMENT)
.venv/lib/python3.10/site-packages/selenium/webdriver/remote/webelement.py:395: in _execute
    return self._parent.execute(command, params)
.venv/lib/python3.10/site-packages/selenium/webdriver/remote/webdriver.py:354: in execute
    self.error_handler.check_response(response)
_ _ _ _ _ _ _ _ _ _ _ _ _ _ _ _ _ _ _ _ _ _ _ _ _ _ _ _ _ _ _ _ _ _ _ _ _ _ _ _ 

self = <selenium.webdriver.remote.errorhandler.ErrorHandler object at 0x103661930>
response = {'status': 400, 'value': '{"value":{"error":"element click intercepted","message":"element click intercepted: Element ...7ff81581018b _pthread_start + 99\\n25  libsystem_pthread.dylib             0x00007ff81580bae3 thread_start + 15\\n"}}'}

    def check_response(self, response: Dict[str, Any]) -> None:
        """Checks that a JSON response from the WebDriver does not have an
        error.
    
        :Args:
         - response - The JSON response from the WebDriver server as a dictionary
           object.
    
        :Raises: If the response contains an error message.
        """
        status = response.get("status", None)
        if not status or status == ErrorCode.SUCCESS:
            return
        value = None
        message = response.get("message", "")
        screen: str = response.get("screen", "")
        stacktrace = None
        if isinstance(status, int):
            value_json = response.get("value", None)
            if value_json and isinstance(value_json, str):
                import json
    
                try:
                    value = json.loads(value_json)
                    if len(value) == 1:
                        value = value["value"]
                    status = value.get("error", None)
                    if not status:
                        status = value.get("status", ErrorCode.UNKNOWN_ERROR)
                        message = value.get("value") or value.get("message")
                        if not isinstance(message, str):
                            value = message
                            message = message.get("message")
                    else:
                        message = value.get("message", None)
                except ValueError:
                    pass
    
        exception_class: Type[WebDriverException]
        e = ErrorCode()
        error_codes = [item for item in dir(e) if not item.startswith("__")]
        for error_code in error_codes:
            error_info = getattr(ErrorCode, error_code)
            if isinstance(error_info, list) and status in error_info:
                exception_class = getattr(ExceptionMapping, error_code, WebDriverException)
                break
        else:
            exception_class = WebDriverException
    
        if not value:
            value = response["value"]
        if isinstance(value, str):
            raise exception_class(value)
        if message == "" and "message" in value:
            message = value["message"]
    
        screen = None  # type: ignore[assignment]
        if "screen" in value:
            screen = value["screen"]
    
        stacktrace = None
        st_value = value.get("stackTrace") or value.get("stacktrace")
        if st_value:
            if isinstance(st_value, str):
                stacktrace = st_value.split("\n")
            else:
                stacktrace = []
                try:
                    for frame in st_value:
                        line = frame.get("lineNumber", "")
                        file = frame.get("fileName", "<anonymous>")
                        if line:
                            file = f"{file}:{line}"
                        meth = frame.get("methodName", "<anonymous>")
                        if "className" in frame:
                            meth = f"{frame['className']}.{meth}"
                        msg = "    at %s (%s)"
                        msg = msg % (meth, file)
                        stacktrace.append(msg)
                except TypeError:
                    pass
        if exception_class == UnexpectedAlertPresentException:
            alert_text = None
            if "data" in value:
                alert_text = value["data"].get("text")
            elif "alert" in value:
                alert_text = value["alert"].get("text")
            raise exception_class(message, screen, stacktrace, alert_text)  # type: ignore[call-arg]  # mypy is not smart enough here
>       raise exception_class(message, screen, stacktrace)
E       selenium.common.exceptions.ElementClickInterceptedException: Message: element click intercepted: Element <button class="Button Button" type="submit" data-test="email-form-button" data-loading="false" data-role-variant="secondary" data-size-variant="md" aria-live="polite">...</button> is not clickable at point (950, 582). Other element would receive the click: <div class="d-flex align-items-center flex-column emailButton">...</div>
E         (Session info: chrome=127.0.6533.73)
E       Stacktrace:
E       0   undetected_chromedriver             0x0000000102cdc898 undetected_chromedriver + 5179544
E       1   undetected_chromedriver             0x0000000102cd42ca undetected_chromedriver + 5145290
E       2   undetected_chromedriver             0x000000010284b2b0 undetected_chromedriver + 389808
E       3   undetected_chromedriver             0x000000010289e096 undetected_chromedriver + 729238
E       4   undetected_chromedriver             0x000000010289bf88 undetected_chromedriver + 720776
E       5   undetected_chromedriver             0x0000000102899a57 undetected_chromedriver + 711255
E       6   undetected_chromedriver             0x0000000102898902 undetected_chromedriver + 706818
E       7   undetected_chromedriver             0x000000010288c496 undetected_chromedriver + 656534
E       8   undetected_chromedriver             0x00000001028b97b2 undetected_chromedriver + 841650
E       9   undetected_chromedriver             0x000000010288be58 undetected_chromedriver + 654936
E       10  undetected_chromedriver             0x00000001028b996e undetected_chromedriver + 842094
E       11  undetected_chromedriver             0x00000001028d6b9b undetected_chromedriver + 961435
E       12  undetected_chromedriver             0x00000001028b9553 undetected_chromedriver + 841043
E       13  undetected_chromedriver             0x000000010288a7f6 undetected_chromedriver + 649206
E       14  undetected_chromedriver             0x000000010288b05e undetected_chromedriver + 651358
E       15  undetected_chromedriver             0x0000000102c9fb00 undetected_chromedriver + 4930304
E       16  undetected_chromedriver             0x0000000102ca4a16 undetected_chromedriver + 4950550
E       17  undetected_chromedriver             0x0000000102ca50e5 undetected_chromedriver + 4952293
E       18  undetected_chromedriver             0x0000000102c81ec9 undetected_chromedriver + 4808393
E       19  undetected_chromedriver             0x0000000102ca53d9 undetected_chromedriver + 4953049
E       20  undetected_chromedriver             0x0000000102c73824 undetected_chromedriver + 4749348
E       21  undetected_chromedriver             0x0000000102cc45a8 undetected_chromedriver + 5080488
E       22  undetected_chromedriver             0x0000000102cc4767 undetected_chromedriver + 5080935
E       23  undetected_chromedriver             0x0000000102cd3eae undetected_chromedriver + 5144238
E       24  libsystem_pthread.dylib             0x00007ff81581018b _pthread_start + 99
E       25  libsystem_pthread.dylib             0x00007ff81580bae3 thread_start + 15

.venv/lib/python3.10/site-packages/selenium/webdriver/remote/errorhandler.py:229: ElementClickInterceptedException
2024-07-24 17:03:22,334 - ERROR - ElementClickInterceptedException: Element click intercepted: xpath = //div[@id='InlineLoginModule']/div/div[1]/div[1]/div/div/div/form/div[2]/button[1] - Message: element click intercepted: Element <button class="Button Button" type="submit" data-test="email-form-button" data-loading="false" data-role-variant="secondary" data-size-variant="md" aria-live="polite">...</button> is not clickable at point (950, 582). Other element would receive the click: <div class="d-flex align-items-center flex-column emailButton">...</div>
  (Session info: chrome=127.0.6533.73)
Stacktrace:
0   undetected_chromedriver             0x0000000102cdc898 undetected_chromedriver + 5179544
1   undetected_chromedriver             0x0000000102cd42ca undetected_chromedriver + 5145290
2   undetected_chromedriver             0x000000010284b2b0 undetected_chromedriver + 389808
3   undetected_chromedriver             0x000000010289e096 undetected_chromedriver + 729238
4   undetected_chromedriver             0x000000010289bf88 undetected_chromedriver + 720776
5   undetected_chromedriver             0x0000000102899a57 undetected_chromedriver + 711255
6   undetected_chromedriver             0x0000000102898902 undetected_chromedriver + 706818
7   undetected_chromedriver             0x000000010288c496 undetected_chromedriver + 656534
8   undetected_chromedriver             0x00000001028b97b2 undetected_chromedriver + 841650
9   undetected_chromedriver             0x000000010288be58 undetected_chromedriver + 654936
10  undetected_chromedriver             0x00000001028b996e undetected_chromedriver + 842094
11  undetected_chromedriver             0x00000001028d6b9b undetected_chromedriver + 961435
12  undetected_chromedriver             0x00000001028b9553 undetected_chromedriver + 841043
13  undetected_chromedriver             0x000000010288a7f6 undetected_chromedriver + 649206
14  undetected_chromedriver             0x000000010288b05e undetected_chromedriver + 651358
15  undetected_chromedriver             0x0000000102c9fb00 undetected_chromedriver + 4930304
16  undetected_chromedriver             0x0000000102ca4a16 undetected_chromedriver + 4950550
17  undetected_chromedriver             0x0000000102ca50e5 undetected_chromedriver + 4952293
18  undetected_chromedriver             0x0000000102c81ec9 undetected_chromedriver + 4808393
19  undetected_chromedriver             0x0000000102ca53d9 undetected_chromedriver + 4953049
20  undetected_chromedriver             0x0000000102c73824 undetected_chromedriver + 4749348
21  undetected_chromedriver             0x0000000102cc45a8 undetected_chromedriver + 5080488
22  undetected_chromedriver             0x0000000102cc4767 undetected_chromedriver + 5080935
23  undetected_chromedriver             0x0000000102cd3eae undetected_chromedriver + 5144238
24  libsystem_pthread.dylib             0x00007ff81581018b _pthread_start + 99
25  libsystem_pthread.dylib             0x00007ff81580bae3 thread_start + 15

