2024-08-02 15:18:44,182 - ERROR - Test test_kbb_d3a4e6c3 failed.
2024-08-02 15:18:44,186 - ERROR - URL at failure: https://www.kbb.com/toyota/camry/2016/xle-sedan-4d/options/?intent=trade-in-sell&vehicleid=412705&mileage=40000
2024-08-02 15:18:44,186 - ERROR - Exception: self = <test.test_kbb.TestKbb object at 0x1036674f0>

    def test_kbb_d3a4e6c3(self):
        # self.driver.get("https://kbb.com")
        # self.driver.find_element(By.XPATH, "//a[contains(text(),'Car Values')]").click()
        self.driver.find_element(By.XPATH, "//div/a[contains(text(),'Car Values')]").click()
    
        # add extra step to handle popup
        time.sleep(3)
        if self.driver.find_element(By.XPATH, "//button[text()='No Thanks']"):
            self.driver.find_element(By.XPATH, "//button[text()='No Thanks']").click()
        scroll_down(self.driver, 500)
    
        # self.driver.find_element(By.XPATH, "//a[contains(text(),\"My Car's Value\")]").click()
        self.driver.find_element(By.XPATH, "//div[text()=\"My Car's Value\"]").click()
    
        # the following step is redundant
        # self.driver.find_element(By.XPATH, "//main[@id='content']/div[2]/div[1]/div[1]/div[1]/div[1]/div[1]/div[1]/div[1]/div[1]/div[2]/div[1]/div[2]/div[1]/div[1]/div[1]/div[1]/div[1]/label[2]/div[1]/div[1]/div[1]").click()
    
        # self.driver.find_element(By.XPATH, "//select[@placeholder='Year']").clear()
        # self.driver.find_element(By.XPATH, "//select[@placeholder='Year']").select("2016")
        # self.driver.find_element(By.XPATH, "//select[@placeholder='Make']").clear()
        # self.driver.find_element(By.XPATH, "//select[@placeholder='Make']").select("Toyota")
        # self.driver.find_element(By.XPATH, "//select[@placeholder='Model']").clear()
        # self.driver.find_element(By.XPATH, "//select[@placeholder='Model']").select("Camry")
        # self.driver.find_element(By.XPATH, "//input[@value='' and @type='tel' and @placeholder=' ']").clear()
        # self.driver.find_element(By.XPATH, "//input[@value='' and @type='tel' and @placeholder=' ']").send_keys("40000")
        year_dropdown = self.driver.find_element(By.XPATH, "//select[@aria-label='Year' and @placeholder='Year' and not(.//option[@value='2027'])]")
        year_select = Select(year_dropdown)
        year_select.select_by_visible_text('2016')
        make_dropdown = self.driver.find_element(By.XPATH, "//select[@aria-label='Make' and @placeholder='Make' and .//option[@value='Acura']]")
        make_select = Select(make_dropdown)
        make_select.select_by_value('Toyota')
        model_dropdown = self.driver.find_element(By.XPATH, "//select[@aria-label='Model' and @placeholder='Model' and .//option[@value='Camry']]")
        model_select = Select(model_dropdown)
        model_select.select_by_value('Camry')
        self.driver.find_element(By.XPATH, "//input[contains(@class, 'mileage') and @type='tel']").clear()
        self.driver.find_element(By.XPATH, "//input[contains(@class, 'mileage') and @type='tel']").send_keys("40000")
    
        # extra steps to input postal code
        self.driver.find_element(By.XPATH, "//input[contains(@class, 'zipcode') and @type='tel' and ./ancestor::label[1]/preceding-sibling::label]").clear()
        self.driver.find_element(By.XPATH, "//input[contains(@class, 'zipcode') and @type='tel' and ./ancestor::label[1]/preceding-sibling::label]").send_keys("07055")
    
        # self.driver.find_element(By.XPATH, "//main[@id='content']/div[2]/div[1]/div[1]/div[1]/div[1]/div[1]/div[1]/div[1]/div[1]/div[2]/div[1]/div[2]/div[1]/div[1]/div[1]/div[2]/form[1]/div[4]/button[1]/span[1]").click()
        self.driver.find_element(By.XPATH, "//button[@data-testid='vehicle_picker_submit_button' and not(@disabled)]").click()
    
        # add extra step to handle popup
        time.sleep(3)
        if self.driver.find_element(By.XPATH, "//button[text()='No Thanks']"):
            self.driver.find_element(By.XPATH, "//button[text()='No Thanks']").click()
        scroll_down(self.driver, 500)
    
        self.driver.find_element(By.XPATH, "//div[@id='box-style']/div[4]/label[1]/div[1]/div[1]/div[1]").click()
        self.driver.find_element(By.XPATH, "//main[@id='content']/div[2]/div[1]/div[1]/div[1]/div[1]/div[1]/div[1]/div[1]/div[1]/div[1]/div[1]/div[1]/div[1]/div[3]/div[1]/div[1]/button[1]/span[1]").click()
    
        # add extra step to handle popup
        time.sleep(3)
        if self.driver.find_element(By.XPATH, "//button[text()='No Thanks']"):
            self.driver.find_element(By.XPATH, "//button[text()='No Thanks']").click()
        scroll_down(self.driver, 500)
    
        # self.driver.find_element(By.XPATH, "//main[@id='content']/div[2]/div[1]/div[1]/div[1]/div[1]/div[1]/div[1]/div[1]/div[1]/div[1]/div[1]/div[1]/div[1]/div[1]/div[1]/div[1]/div[1]/div[1]/div[2]/div[1]/div[1]/div[1]/label[1]/div[1]/div[1]/div[1]/div[1]/div[1]").click()
        self.driver.find_element(By.XPATH, "//div[text()='Select Your Options']").click()
    
        # self.driver.find_element(By.XPATH, "//main[@id='content']/div[2]/div[1]/div[1]/div[1]/div[1]/div[1]/div[1]/div[1]/div[1]/div[1]/div[1]/div[1]/div[1]/div[1]/div[2]/div[1]/div[1]/div[2]/div[1]/div[2]/label[1]/div[1]").click()
>       self.driver.find_element(By.XPATH, "//img[@alt='Black image']").click()

test/test_kbb.py:175: 
_ _ _ _ _ _ _ _ _ _ _ _ _ _ _ _ _ _ _ _ _ _ _ _ _ _ _ _ _ _ _ _ _ _ _ _ _ _ _ _ 
conftest.py:158: in click
    raise e
conftest.py:142: in click
    self.element.click()
.venv/lib/python3.10/site-packages/selenium/webdriver/remote/webelement.py:94: in click
    self._execute(Command.CLICK_ELEMENT)
.venv/lib/python3.10/site-packages/selenium/webdriver/remote/webelement.py:395: in _execute
    return self._parent.execute(command, params)
.venv/lib/python3.10/site-packages/selenium/webdriver/remote/webdriver.py:354: in execute
    self.error_handler.check_response(response)
_ _ _ _ _ _ _ _ _ _ _ _ _ _ _ _ _ _ _ _ _ _ _ _ _ _ _ _ _ _ _ _ _ _ _ _ _ _ _ _ 

self = <selenium.webdriver.remote.errorhandler.ErrorHandler object at 0x103665810>
response = {'status': 400, 'value': '{"value":{"error":"element click intercepted","message":"element click intercepted: Element ...7ff81581018b _pthread_start + 99\\n25  libsystem_pthread.dylib             0x00007ff81580bae3 thread_start + 15\\n"}}'}

    def check_response(self, response: Dict[str, Any]) -> None:
        """Checks that a JSON response from the WebDriver does not have an
        error.
    
        :Args:
         - response - The JSON response from the WebDriver server as a dictionary
           object.
    
        :Raises: If the response contains an error message.
        """
        status = response.get("status", None)
        if not status or status == ErrorCode.SUCCESS:
            return
        value = None
        message = response.get("message", "")
        screen: str = response.get("screen", "")
        stacktrace = None
        if isinstance(status, int):
            value_json = response.get("value", None)
            if value_json and isinstance(value_json, str):
                import json
    
                try:
                    value = json.loads(value_json)
                    if len(value) == 1:
                        value = value["value"]
                    status = value.get("error", None)
                    if not status:
                        status = value.get("status", ErrorCode.UNKNOWN_ERROR)
                        message = value.get("value") or value.get("message")
                        if not isinstance(message, str):
                            value = message
                            message = message.get("message")
                    else:
                        message = value.get("message", None)
                except ValueError:
                    pass
    
        exception_class: Type[WebDriverException]
        e = ErrorCode()
        error_codes = [item for item in dir(e) if not item.startswith("__")]
        for error_code in error_codes:
            error_info = getattr(ErrorCode, error_code)
            if isinstance(error_info, list) and status in error_info:
                exception_class = getattr(ExceptionMapping, error_code, WebDriverException)
                break
        else:
            exception_class = WebDriverException
    
        if not value:
            value = response["value"]
        if isinstance(value, str):
            raise exception_class(value)
        if message == "" and "message" in value:
            message = value["message"]
    
        screen = None  # type: ignore[assignment]
        if "screen" in value:
            screen = value["screen"]
    
        stacktrace = None
        st_value = value.get("stackTrace") or value.get("stacktrace")
        if st_value:
            if isinstance(st_value, str):
                stacktrace = st_value.split("\n")
            else:
                stacktrace = []
                try:
                    for frame in st_value:
                        line = frame.get("lineNumber", "")
                        file = frame.get("fileName", "<anonymous>")
                        if line:
                            file = f"{file}:{line}"
                        meth = frame.get("methodName", "<anonymous>")
                        if "className" in frame:
                            meth = f"{frame['className']}.{meth}"
                        msg = "    at %s (%s)"
                        msg = msg % (meth, file)
                        stacktrace.append(msg)
                except TypeError:
                    pass
        if exception_class == UnexpectedAlertPresentException:
            alert_text = None
            if "data" in value:
                alert_text = value["data"].get("text")
            elif "alert" in value:
                alert_text = value["alert"].get("text")
            raise exception_class(message, screen, stacktrace, alert_text)  # type: ignore[call-arg]  # mypy is not smart enough here
>       raise exception_class(message, screen, stacktrace)
E       selenium.common.exceptions.ElementClickInterceptedException: Message: element click intercepted: Element <img src="https://file.kelleybluebookimages.com/kbb/base/houseswatch/black.jpg" width="60" height="40" alt="Black image" aria-hidden="false" class="css-108ah3d"> is not clickable at point (532, 921). Other element would receive the click: <div class="stuck css-149plyz edjxyc70" data-cy="lockedAdContainer" data-automation="locked-ad-module">...</div>
E         (Session info: chrome=127.0.6533.89)
E       Stacktrace:
E       0   undetected_chromedriver             0x0000000103423838 undetected_chromedriver + 5179448
E       1   undetected_chromedriver             0x000000010341b26a undetected_chromedriver + 5145194
E       2   undetected_chromedriver             0x0000000102f922b0 undetected_chromedriver + 389808
E       3   undetected_chromedriver             0x0000000102fe5096 undetected_chromedriver + 729238
E       4   undetected_chromedriver             0x0000000102fe2f88 undetected_chromedriver + 720776
E       5   undetected_chromedriver             0x0000000102fe0a57 undetected_chromedriver + 711255
E       6   undetected_chromedriver             0x0000000102fdf902 undetected_chromedriver + 706818
E       7   undetected_chromedriver             0x0000000102fd3496 undetected_chromedriver + 656534
E       8   undetected_chromedriver             0x00000001030007b2 undetected_chromedriver + 841650
E       9   undetected_chromedriver             0x0000000102fd2e58 undetected_chromedriver + 654936
E       10  undetected_chromedriver             0x000000010300096e undetected_chromedriver + 842094
E       11  undetected_chromedriver             0x000000010301db9b undetected_chromedriver + 961435
E       12  undetected_chromedriver             0x0000000103000553 undetected_chromedriver + 841043
E       13  undetected_chromedriver             0x0000000102fd17f6 undetected_chromedriver + 649206
E       14  undetected_chromedriver             0x0000000102fd205e undetected_chromedriver + 651358
E       15  undetected_chromedriver             0x00000001033e6aa0 undetected_chromedriver + 4930208
E       16  undetected_chromedriver             0x00000001033eb9b6 undetected_chromedriver + 4950454
E       17  undetected_chromedriver             0x00000001033ec085 undetected_chromedriver + 4952197
E       18  undetected_chromedriver             0x00000001033c8e69 undetected_chromedriver + 4808297
E       19  undetected_chromedriver             0x00000001033ec379 undetected_chromedriver + 4952953
E       20  undetected_chromedriver             0x00000001033ba7c4 undetected_chromedriver + 4749252
E       21  undetected_chromedriver             0x000000010340b548 undetected_chromedriver + 5080392
E       22  undetected_chromedriver             0x000000010340b707 undetected_chromedriver + 5080839
E       23  undetected_chromedriver             0x000000010341ae4e undetected_chromedriver + 5144142
E       24  libsystem_pthread.dylib             0x00007ff81581018b _pthread_start + 99
E       25  libsystem_pthread.dylib             0x00007ff81580bae3 thread_start + 15

.venv/lib/python3.10/site-packages/selenium/webdriver/remote/errorhandler.py:229: ElementClickInterceptedException
2024-08-02 15:18:44,186 - ERROR - TimeoutException: Elements not found: xpath = //button[text()='No Thanks'] - Message: 
Stacktrace:
0   undetected_chromedriver             0x0000000103423838 undetected_chromedriver + 5179448
1   undetected_chromedriver             0x000000010341b26a undetected_chromedriver + 5145194
2   undetected_chromedriver             0x0000000102f922b0 undetected_chromedriver + 389808
3   undetected_chromedriver             0x0000000102fde3e1 undetected_chromedriver + 701409
4   undetected_chromedriver             0x0000000102fde691 undetected_chromedriver + 702097
5   undetected_chromedriver             0x0000000103020464 undetected_chromedriver + 971876
6   undetected_chromedriver             0x00000001030007dd undetected_chromedriver + 841693
7   undetected_chromedriver             0x000000010301db9b undetected_chromedriver + 961435
8   undetected_chromedriver             0x0000000103000553 undetected_chromedriver + 841043
9   undetected_chromedriver             0x0000000102fd17f6 undetected_chromedriver + 649206
10  undetected_chromedriver             0x0000000102fd205e undetected_chromedriver + 651358
11  undetected_chromedriver             0x00000001033e6aa0 undetected_chromedriver + 4930208
12  undetected_chromedriver             0x00000001033eb9b6 undetected_chromedriver + 4950454
13  undetected_chromedriver             0x00000001033ec085 undetected_chromedriver + 4952197
14  undetected_chromedriver             0x00000001033c8e69 undetected_chromedriver + 4808297
15  undetected_chromedriver             0x00000001033ec379 undetected_chromedriver + 4952953
16  undetected_chromedriver             0x00000001033ba7c4 undetected_chromedriver + 4749252
17  undetected_chromedriver             0x000000010340b548 undetected_chromedriver + 5080392
18  undetected_chromedriver             0x000000010340b707 undetected_chromedriver + 5080839
19  undetected_chromedriver             0x000000010341ae4e undetected_chromedriver + 5144142
20  libsystem_pthread.dylib             0x00007ff81581018b _pthread_start + 99
21  libsystem_pthread.dylib             0x00007ff81580bae3 thread_start + 15

2024-08-02 15:18:44,186 - ERROR - TimeoutException: Elements not found: xpath = //button[text()='No Thanks'] - Message: 
Stacktrace:
0   undetected_chromedriver             0x0000000103423838 undetected_chromedriver + 5179448
1   undetected_chromedriver             0x000000010341b26a undetected_chromedriver + 5145194
2   undetected_chromedriver             0x0000000102f922b0 undetected_chromedriver + 389808
3   undetected_chromedriver             0x0000000102fde3e1 undetected_chromedriver + 701409
4   undetected_chromedriver             0x0000000102fde691 undetected_chromedriver + 702097
5   undetected_chromedriver             0x0000000103020464 undetected_chromedriver + 971876
6   undetected_chromedriver             0x00000001030007dd undetected_chromedriver + 841693
7   undetected_chromedriver             0x000000010301db9b undetected_chromedriver + 961435
8   undetected_chromedriver             0x0000000103000553 undetected_chromedriver + 841043
9   undetected_chromedriver             0x0000000102fd17f6 undetected_chromedriver + 649206
10  undetected_chromedriver             0x0000000102fd205e undetected_chromedriver + 651358
11  undetected_chromedriver             0x00000001033e6aa0 undetected_chromedriver + 4930208
12  undetected_chromedriver             0x00000001033eb9b6 undetected_chromedriver + 4950454
13  undetected_chromedriver             0x00000001033ec085 undetected_chromedriver + 4952197
14  undetected_chromedriver             0x00000001033c8e69 undetected_chromedriver + 4808297
15  undetected_chromedriver             0x00000001033ec379 undetected_chromedriver + 4952953
16  undetected_chromedriver             0x00000001033ba7c4 undetected_chromedriver + 4749252
17  undetected_chromedriver             0x000000010340b548 undetected_chromedriver + 5080392
18  undetected_chromedriver             0x000000010340b707 undetected_chromedriver + 5080839
19  undetected_chromedriver             0x000000010341ae4e undetected_chromedriver + 5144142
20  libsystem_pthread.dylib             0x00007ff81581018b _pthread_start + 99
21  libsystem_pthread.dylib             0x00007ff81580bae3 thread_start + 15

2024-08-02 15:18:44,186 - ERROR - ElementClickInterceptedException: Element click intercepted: xpath = //img[@alt='Black image'] - Message: element click intercepted: Element <img src="https://file.kelleybluebookimages.com/kbb/base/houseswatch/black.jpg" width="60" height="40" alt="Black image" aria-hidden="false" class="css-108ah3d"> is not clickable at point (532, 921). Other element would receive the click: <div class="stuck css-149plyz edjxyc70" data-cy="lockedAdContainer" data-automation="locked-ad-module">...</div>
  (Session info: chrome=127.0.6533.89)
Stacktrace:
0   undetected_chromedriver             0x0000000103423838 undetected_chromedriver + 5179448
1   undetected_chromedriver             0x000000010341b26a undetected_chromedriver + 5145194
2   undetected_chromedriver             0x0000000102f922b0 undetected_chromedriver + 389808
3   undetected_chromedriver             0x0000000102fe5096 undetected_chromedriver + 729238
4   undetected_chromedriver             0x0000000102fe2f88 undetected_chromedriver + 720776
5   undetected_chromedriver             0x0000000102fe0a57 undetected_chromedriver + 711255
6   undetected_chromedriver             0x0000000102fdf902 undetected_chromedriver + 706818
7   undetected_chromedriver             0x0000000102fd3496 undetected_chromedriver + 656534
8   undetected_chromedriver             0x00000001030007b2 undetected_chromedriver + 841650
9   undetected_chromedriver             0x0000000102fd2e58 undetected_chromedriver + 654936
10  undetected_chromedriver             0x000000010300096e undetected_chromedriver + 842094
11  undetected_chromedriver             0x000000010301db9b undetected_chromedriver + 961435
12  undetected_chromedriver             0x0000000103000553 undetected_chromedriver + 841043
13  undetected_chromedriver             0x0000000102fd17f6 undetected_chromedriver + 649206
14  undetected_chromedriver             0x0000000102fd205e undetected_chromedriver + 651358
15  undetected_chromedriver             0x00000001033e6aa0 undetected_chromedriver + 4930208
16  undetected_chromedriver             0x00000001033eb9b6 undetected_chromedriver + 4950454
17  undetected_chromedriver             0x00000001033ec085 undetected_chromedriver + 4952197
18  undetected_chromedriver             0x00000001033c8e69 undetected_chromedriver + 4808297
19  undetected_chromedriver             0x00000001033ec379 undetected_chromedriver + 4952953
20  undetected_chromedriver             0x00000001033ba7c4 undetected_chromedriver + 4749252
21  undetected_chromedriver             0x000000010340b548 undetected_chromedriver + 5080392
22  undetected_chromedriver             0x000000010340b707 undetected_chromedriver + 5080839
23  undetected_chromedriver             0x000000010341ae4e undetected_chromedriver + 5144142
24  libsystem_pthread.dylib             0x00007ff81581018b _pthread_start + 99
25  libsystem_pthread.dylib             0x00007ff81580bae3 thread_start + 15

