2025-05-26 22:49:41,626 - AutoTestFixer - ERROR - --- Test test_student_a36836fd FAILED ---
2025-05-26 22:49:41,626 - AutoTestFixer - ERROR - URL at failure: https://www.student.com/
2025-05-26 22:49:41,626 - AutoTestFixer - ERROR - Traceback:
self = <test.test_student.TestStudent object at 0x107566b60>

    def test_student_a36836fd(self):
        self.driver.get("https://student.com")
    
>       self.driver.find_element(By.XPATH, "//span[text()='Oceania']").click()

test/test_student.py:13: 
_ _ _ _ _ _ _ _ _ _ _ _ _ _ _ _ _ _ _ _ _ _ _ _ _ _ _ _ _ _ _ _ _ _ _ _ _ _ _ _ 
framework/custom_selenium.py:71: in find_element
    raise e
framework/custom_selenium.py:55: in find_element
    element = WebDriverWait(super(), WAIT_TIMEOUT).until(
_ _ _ _ _ _ _ _ _ _ _ _ _ _ _ _ _ _ _ _ _ _ _ _ _ _ _ _ _ _ _ _ _ _ _ _ _ _ _ _ 

self = <selenium.webdriver.support.wait.WebDriverWait (session="None")>
method = <function presence_of_element_located.<locals>._predicate at 0x1074ff400>
message = ''

    def until(self, method: Callable[[D], Union[Literal[False], T]], message: str = "") -> T:
        """Calls the method provided with the driver as an argument until the \
        return value does not evaluate to ``False``.
    
        :param method: callable(WebDriver)
        :param message: optional message for :exc:`TimeoutException`
        :returns: the result of the last call to `method`
        :raises: :exc:`selenium.common.exceptions.TimeoutException` if timeout occurs
        """
        screen = None
        stacktrace = None
    
        end_time = time.monotonic() + self._timeout
        while True:
            try:
                value = method(self._driver)
                if value:
                    return value
            except self._ignored_exceptions as exc:
                screen = getattr(exc, "screen", None)
                stacktrace = getattr(exc, "stacktrace", None)
            time.sleep(self._poll)
            if time.monotonic() > end_time:
                break
>       raise TimeoutException(message, screen, stacktrace)
E       selenium.common.exceptions.TimeoutException: Message: 
E       Stacktrace:
E       0   undetected_chromedriver             0x0000000102fa0898 undetected_chromedriver + 5986456
E       1   undetected_chromedriver             0x0000000102f979ca undetected_chromedriver + 5949898
E       2   undetected_chromedriver             0x0000000102a50600 undetected_chromedriver + 415232
E       3   undetected_chromedriver             0x0000000102aa2304 undetected_chromedriver + 750340
E       4   undetected_chromedriver             0x0000000102aa2521 undetected_chromedriver + 750881
E       5   undetected_chromedriver             0x0000000102af2204 undetected_chromedriver + 1077764
E       6   undetected_chromedriver             0x0000000102ac833d undetected_chromedriver + 906045
E       7   undetected_chromedriver             0x0000000102aef566 undetected_chromedriver + 1066342
E       8   undetected_chromedriver             0x0000000102ac80e3 undetected_chromedriver + 905443
E       9   undetected_chromedriver             0x0000000102a9461d undetected_chromedriver + 693789
E       10  undetected_chromedriver             0x0000000102a95281 undetected_chromedriver + 696961
E       11  undetected_chromedriver             0x0000000102f5e560 undetected_chromedriver + 5715296
E       12  undetected_chromedriver             0x0000000102f62425 undetected_chromedriver + 5731365
E       13  undetected_chromedriver             0x0000000102f38eb0 undetected_chromedriver + 5562032
E       14  undetected_chromedriver             0x0000000102f62e5b undetected_chromedriver + 5733979
E       15  undetected_chromedriver             0x0000000102f27dc4 undetected_chromedriver + 5492164
E       16  undetected_chromedriver             0x0000000102f85a78 undetected_chromedriver + 5876344
E       17  undetected_chromedriver             0x0000000102f85c40 undetected_chromedriver + 5876800
E       18  undetected_chromedriver             0x0000000102f97591 undetected_chromedriver + 5948817
E       19  libsystem_pthread.dylib             0x00007ff812e64df1 _pthread_start + 99
E       20  libsystem_pthread.dylib             0x00007ff812e60857 thread_start + 15

.venv/lib/python3.10/site-packages/selenium/webdriver/support/wait.py:105: TimeoutException
2025-05-26 22:49:05,554 - AutoTestFixer - INFO - Attempting to navigate to URL: https://student.com
2025-05-26 22:49:07,403 - AutoTestFixer - INFO - Successfully navigated to URL: https://student.com
2025-05-26 22:49:09,406 - AutoTestFixer - INFO - Attempting to find element: xpath = //span[text()='Oceania']
2025-05-26 22:49:39,917 - AutoTestFixer - ERROR - TimeoutException: Element not found within 30 seconds: xpath = //span[text()='Oceania'] (Current page URL: https://www.student.com/)
2025-05-26 22:49:39,992 - AutoTestFixer - INFO - Test test_student_a36836fd failed. Auto-fix mode: suggest. Initiating process.
2025-05-26 22:50:29,173 - AutoTestFixer - INFO - GPT suggestions:
-------------------------------------------------------
Potential fix (1): Click the visible “Sydney” chip directly and drop the missing “Oceania” step.
Original code line/lines:
        self.driver.find_element(By.XPATH, "//span[text()='Oceania']").click()
        self.driver.find_element(By.XPATH, "//a[text()='Sydney']").click()
Fixed code line/lines:
        self.driver.find_element(By.XPATH, "//button[div[text()='Sydney']]").click()
-------------------------------------------------------
Potential fix (2): Use the homepage search bar to navigate to Sydney, avoiding the obsolete region menu.
Original code line/lines:
        self.driver.find_element(By.XPATH, "//span[text()='Oceania']").click()
        self.driver.find_element(By.XPATH, "//a[text()='Sydney']").click()
Fixed code line/lines:
        search_input = self.driver.find_element(By.CSS_SELECTOR, "input[placeholder='Search by city, university or property']")
        search_input.send_keys("Sydney")
        search_input.send_keys(Keys.RETURN)
-------------------------------------------------------
Potential fix (3): Bypass region navigation entirely by starting directly on the Group-Booking page.
Original code line/lines:
        self.driver.get("https://student.com")
Fixed code line/lines:
        self.driver.get("https://www.student.com/group-booking")
-------------------------------------------------------
Potential fix (4): Update the base URL to match the current canonical domain (adds “www”) to prevent unexpected redirects.
Original code line/lines:
        self.driver.get("https://student.com")
Fixed code line/lines:
        self.driver.get("https://www.student.com")
-------------------------------------------------------
Potential fix (5): Switch to a more flexible locator that still works if the element becomes a button instead of a span.
Original code line/lines:
        self.driver.find_element(By.XPATH, "//span[text()='Oceania']").click()
Fixed code line/lines:
        self.driver.find_element(By.XPATH, "//*[self::span or self::button][normalize-space(text())='Oceania']").click()
-------------------------------------------------------

2025-05-26 22:50:29,173 - AutoTestFixer - INFO - Auto-fix mode is 'suggest'. Suggestions displayed. No patching or re-run will occur.
