2025-05-26 23:39:47,415 - AutoTestFixer - ERROR - --- Test test_ups_8ae1041c FAILED ---
2025-05-26 23:39:47,415 - AutoTestFixer - ERROR - URL at failure: https://www.ups.com/us/en/home
2025-05-26 23:39:47,415 - AutoTestFixer - ERROR - Traceback:
self = <test.test_ups.TestUps object at 0x10640fb50>

    def test_ups_8ae1041c(self):
        self.driver.get("https://www.ups.com/us/en/Home.page")
>       self.driver.find_element(By.XPATH, "//a[@id='tabs_0_tab_1']/span[1]").click()

test/test_ups.py:9: 
_ _ _ _ _ _ _ _ _ _ _ _ _ _ _ _ _ _ _ _ _ _ _ _ _ _ _ _ _ _ _ _ _ _ _ _ _ _ _ _ 
framework/custom_selenium.py:71: in find_element
    raise e
framework/custom_selenium.py:55: in find_element
    element = WebDriverWait(super(), WAIT_TIMEOUT).until(
_ _ _ _ _ _ _ _ _ _ _ _ _ _ _ _ _ _ _ _ _ _ _ _ _ _ _ _ _ _ _ _ _ _ _ _ _ _ _ _ 

self = <selenium.webdriver.support.wait.WebDriverWait (session="None")>
method = <function presence_of_element_located.<locals>._predicate at 0x1063a3490>
message = ''

    def until(self, method: Callable[[D], Union[Literal[False], T]], message: str = "") -> T:
        """Calls the method provided with the driver as an argument until the \
        return value does not evaluate to ``False``.
    
        :param method: callable(WebDriver)
        :param message: optional message for :exc:`TimeoutException`
        :returns: the result of the last call to `method`
        :raises: :exc:`selenium.common.exceptions.TimeoutException` if timeout occurs
        """
        screen = None
        stacktrace = None
    
        end_time = time.monotonic() + self._timeout
        while True:
            try:
                value = method(self._driver)
                if value:
                    return value
            except self._ignored_exceptions as exc:
                screen = getattr(exc, "screen", None)
                stacktrace = getattr(exc, "stacktrace", None)
            time.sleep(self._poll)
            if time.monotonic() > end_time:
                break
>       raise TimeoutException(message, screen, stacktrace)
E       selenium.common.exceptions.TimeoutException: Message: 
E       Stacktrace:
E       0   undetected_chromedriver             0x0000000102bfc898 undetected_chromedriver + 5986456
E       1   undetected_chromedriver             0x0000000102bf39ca undetected_chromedriver + 5949898
E       2   undetected_chromedriver             0x00000001026ac600 undetected_chromedriver + 415232
E       3   undetected_chromedriver             0x00000001026fe304 undetected_chromedriver + 750340
E       4   undetected_chromedriver             0x00000001026fe521 undetected_chromedriver + 750881
E       5   undetected_chromedriver             0x000000010274e204 undetected_chromedriver + 1077764
E       6   undetected_chromedriver             0x000000010272433d undetected_chromedriver + 906045
E       7   undetected_chromedriver             0x000000010274b566 undetected_chromedriver + 1066342
E       8   undetected_chromedriver             0x00000001027240e3 undetected_chromedriver + 905443
E       9   undetected_chromedriver             0x00000001026f061d undetected_chromedriver + 693789
E       10  undetected_chromedriver             0x00000001026f1281 undetected_chromedriver + 696961
E       11  undetected_chromedriver             0x0000000102bba560 undetected_chromedriver + 5715296
E       12  undetected_chromedriver             0x0000000102bbe425 undetected_chromedriver + 5731365
E       13  undetected_chromedriver             0x0000000102b94eb0 undetected_chromedriver + 5562032
E       14  undetected_chromedriver             0x0000000102bbee5b undetected_chromedriver + 5733979
E       15  undetected_chromedriver             0x0000000102b83dc4 undetected_chromedriver + 5492164
E       16  undetected_chromedriver             0x0000000102be1a78 undetected_chromedriver + 5876344
E       17  undetected_chromedriver             0x0000000102be1c40 undetected_chromedriver + 5876800
E       18  undetected_chromedriver             0x0000000102bf3591 undetected_chromedriver + 5948817
E       19  libsystem_pthread.dylib             0x00007ff804c18df1 _pthread_start + 99
E       20  libsystem_pthread.dylib             0x00007ff804c14857 thread_start + 15

.venv/lib/python3.10/site-packages/selenium/webdriver/support/wait.py:105: TimeoutException
2025-05-26 23:39:12,126 - AutoTestFixer - INFO - Attempting to navigate to URL: https://www.ups.com/us/en/Home.page
2025-05-26 23:39:12,823 - AutoTestFixer - INFO - Successfully navigated to URL: https://www.ups.com/us/en/Home.page
2025-05-26 23:39:16,525 - AutoTestFixer - INFO - Attempting to find element: xpath = //a[@id='tabs_0_tab_1']/span[1]
2025-05-26 23:39:46,564 - AutoTestFixer - ERROR - TimeoutException: Element not found within 30 seconds: xpath = //a[@id='tabs_0_tab_1']/span[1] (Current page URL: https://www.ups.com/us/en/home)
2025-05-26 23:39:46,638 - AutoTestFixer - INFO - Test test_ups_8ae1041c failed. Auto-fix mode: suggest. Initiating process.
2025-05-26 23:40:26,932 - AutoTestFixer - INFO - GPT suggestions:
-------------------------------------------------------
Potential fix (1): Switch to the straightforward ID locator; element is now a <button> with id "tabs_0_tab_1".
Original code line/lines:
        self.driver.find_element(By.XPATH, "//a[@id='tabs_0_tab_1']/span[1]").click()
Fixed code line/lines:
        self.driver.find_element(By.ID, "tabs_0_tab_1").click()
-------------------------------------------------------
Potential fix (2): Update the XPath to target the <button> directly instead of the obsolete <a>/<span>.
Original code line/lines:
        self.driver.find_element(By.XPATH, "//a[@id='tabs_0_tab_1']/span[1]").click()
Fixed code line/lines:
        self.driver.find_element(By.XPATH, "//button[@id='tabs_0_tab_1']").click()
-------------------------------------------------------
Potential fix (3): Use a text-based XPath to remain robust even if the id changes but the visible label stays “Quote”.
Original code line/lines:
        self.driver.find_element(By.XPATH, "//a[@id='tabs_0_tab_1']/span[1]").click()
Fixed code line/lines:
        self.driver.find_element(By.XPATH, "//button[contains(@class,'tabs-tab')][.//h2[normalize-space()='Quote']]").click()
-------------------------------------------------------
Potential fix (4): Ensure the tab is scrolled into view before clicking to avoid any hidden-element issues.
Original code line/lines:
        self.driver.find_element(By.XPATH, "//a[@id='tabs_0_tab_1']/span[1]").click()
Fixed code line/lines:
        element = self.driver.find_element(By.ID, "tabs_0_tab_1")
        self.driver.execute_script("arguments[0].scrollIntoView(true);", element)
        element.click()
-------------------------------------------------------
Potential fix (5): Replace brittle XPath with a concise CSS selector targeting the button by id.
Original code line/lines:
        self.driver.find_element(By.XPATH, "//a[@id='tabs_0_tab_1']/span[1]").click()
Fixed code line/lines:
        self.driver.find_element(By.CSS_SELECTOR, "button#tabs_0_tab_1").click()
-------------------------------------------------------
2025-05-26 23:40:26,932 - AutoTestFixer - INFO - Auto-fix mode is 'suggest'. Suggestions displayed. No patching or re-run will occur.
