2025-05-26 22:01:01,552 - AutoTestFixer - ERROR - --- Test test_redfin_3e4283d1 FAILED ---
2025-05-26 22:01:01,552 - AutoTestFixer - ERROR - URL at failure: https://www.redfin.com/
2025-05-26 22:01:01,553 - AutoTestFixer - ERROR - Traceback:
self = <test.test_redfin.TestRedfin object at 0x119aead70>

    def test_redfin_3e4283d1(self):
        self.driver.get("https://www.redfin.com/")
    
>       self.driver.find_element(By.XPATH, "//a[text()='Rent' and @role='tab']").click()

test/test_redfin.py:11: 
_ _ _ _ _ _ _ _ _ _ _ _ _ _ _ _ _ _ _ _ _ _ _ _ _ _ _ _ _ _ _ _ _ _ _ _ _ _ _ _ 
framework/custom_selenium.py:71: in find_element
    raise e
framework/custom_selenium.py:55: in find_element
    element = WebDriverWait(super(), WAIT_TIMEOUT).until(
_ _ _ _ _ _ _ _ _ _ _ _ _ _ _ _ _ _ _ _ _ _ _ _ _ _ _ _ _ _ _ _ _ _ _ _ _ _ _ _ 

self = <selenium.webdriver.support.wait.WebDriverWait (session="None")>
method = <function presence_of_element_located.<locals>._predicate at 0x119a7f400>
message = ''

    def until(self, method: Callable[[D], Union[Literal[False], T]], message: str = "") -> T:
        """Calls the method provided with the driver as an argument until the \
        return value does not evaluate to ``False``.
    
        :param method: callable(WebDriver)
        :param message: optional message for :exc:`TimeoutException`
        :returns: the result of the last call to `method`
        :raises: :exc:`selenium.common.exceptions.TimeoutException` if timeout occurs
        """
        screen = None
        stacktrace = None
    
        end_time = time.monotonic() + self._timeout
        while True:
            try:
                value = method(self._driver)
                if value:
                    return value
            except self._ignored_exceptions as exc:
                screen = getattr(exc, "screen", None)
                stacktrace = getattr(exc, "stacktrace", None)
            time.sleep(self._poll)
            if time.monotonic() > end_time:
                break
>       raise TimeoutException(message, screen, stacktrace)
E       selenium.common.exceptions.TimeoutException: Message: 
E       Stacktrace:
E       0   undetected_chromedriver             0x0000000100a80898 undetected_chromedriver + 5986456
E       1   undetected_chromedriver             0x0000000100a779ca undetected_chromedriver + 5949898
E       2   undetected_chromedriver             0x0000000100530600 undetected_chromedriver + 415232
E       3   undetected_chromedriver             0x0000000100582304 undetected_chromedriver + 750340
E       4   undetected_chromedriver             0x0000000100582521 undetected_chromedriver + 750881
E       5   undetected_chromedriver             0x00000001005d2204 undetected_chromedriver + 1077764
E       6   undetected_chromedriver             0x00000001005a833d undetected_chromedriver + 906045
E       7   undetected_chromedriver             0x00000001005cf566 undetected_chromedriver + 1066342
E       8   undetected_chromedriver             0x00000001005a80e3 undetected_chromedriver + 905443
E       9   undetected_chromedriver             0x000000010057461d undetected_chromedriver + 693789
E       10  undetected_chromedriver             0x0000000100575281 undetected_chromedriver + 696961
E       11  undetected_chromedriver             0x0000000100a3e560 undetected_chromedriver + 5715296
E       12  undetected_chromedriver             0x0000000100a42425 undetected_chromedriver + 5731365
E       13  undetected_chromedriver             0x0000000100a18eb0 undetected_chromedriver + 5562032
E       14  undetected_chromedriver             0x0000000100a42e5b undetected_chromedriver + 5733979
E       15  undetected_chromedriver             0x0000000100a07dc4 undetected_chromedriver + 5492164
E       16  undetected_chromedriver             0x0000000100a65a78 undetected_chromedriver + 5876344
E       17  undetected_chromedriver             0x0000000100a65c40 undetected_chromedriver + 5876800
E       18  undetected_chromedriver             0x0000000100a77591 undetected_chromedriver + 5948817
E       19  libsystem_pthread.dylib             0x00007ff80db54df1 _pthread_start + 99
E       20  libsystem_pthread.dylib             0x00007ff80db50857 thread_start + 15

.venv/lib/python3.10/site-packages/selenium/webdriver/support/wait.py:105: TimeoutException
2025-05-26 22:00:25,411 - AutoTestFixer - INFO - Attempting to navigate to URL: https://www.redfin.com/
2025-05-26 22:00:28,075 - AutoTestFixer - INFO - Successfully navigated to URL: https://www.redfin.com/
2025-05-26 22:00:30,081 - AutoTestFixer - INFO - Attempting to find element: xpath = //a[text()='Rent' and @role='tab']
2025-05-26 22:01:00,214 - AutoTestFixer - ERROR - TimeoutException: Element not found within 30 seconds: xpath = //a[text()='Rent' and @role='tab'] (Current page URL: https://www.redfin.com/)
2025-05-26 22:01:00,287 - AutoTestFixer - INFO - Test test_redfin_3e4283d1 failed. Auto-fix mode: suggest. Initiating process.
2025-05-26 22:01:46,686 - AutoTestFixer - INFO - GPT suggestions:
-------------------------------------------------------
Potential fix (1): Switch to a stable CSS locator that uses the data-rf-test-name attribute for the Rent menu.
Original code line/lines:
        self.driver.find_element(By.XPATH, "//a[text()='Rent' and @role='tab']").click()
Fixed code line/lines:
        self.driver.find_element(By.CSS_SELECTOR, "div[data-rf-test-name='RentMenu'] a.dropdownWidget").click()
-------------------------------------------------------
Potential fix (2): Target the visible link text “Rent ▾”, which matches the anchor’s exact label.
Original code line/lines:
        self.driver.find_element(By.XPATH, "//a[text()='Rent' and @role='tab']").click()
Fixed code line/lines:
        self.driver.find_element(By.LINK_TEXT, "Rent ▾").click()
-------------------------------------------------------
Potential fix (3): Use the anchor’s href attribute to locate the Rent navigation link.
Original code line/lines:
        self.driver.find_element(By.XPATH, "//a[text()='Rent' and @role='tab']").click()
Fixed code line/lines:
        self.driver.find_element(By.CSS_SELECTOR, "a[href='/rentals']").click()
-------------------------------------------------------
Potential fix (4): Click the “Rent” tab inside the homepage TabBar using its data-text attribute.
Original code line/lines:
        self.driver.find_element(By.XPATH, "//a[text()='Rent' and @role='tab']").click()
Fixed code line/lines:
        self.driver.find_element(By.CSS_SELECTOR, "span.TabBarItem__label[data-text='Rent']").click()
-------------------------------------------------------
Potential fix (5): Update the XPath to leverage the RentMenu identifier for better resilience.
Original code line/lines:
        self.driver.find_element(By.XPATH, "//a[text()='Rent' and @role='tab']").click()
Fixed code line/lines:
        self.driver.find_element(By.XPATH, "//div[@data-rf-test-name='RentMenu']//a[contains(@class,'dropdownWidget')]").click()
-------------------------------------------------------
2025-05-26 22:01:46,686 - AutoTestFixer - INFO - Auto-fix mode is 'suggest'. Suggestions displayed. No patching or re-run will occur.
