2025-05-12 21:36:17,130 - ERROR - Test test_adoptapet_b49c669d failed.
2025-05-12 21:36:17,133 - ERROR - URL at failure: https://www.adoptapet.com/dog-adoption
2025-05-12 21:36:17,133 - ERROR - Exception traceback: self = <test.test_adoptapet.TestAdoptapet object at 0x1081becb0>

    def test_adoptapet_b49c669d(self):
        self.driver.get("https://adoptapet.com")
    
        # self.driver.find_element(By.XPATH, "//span[contains(text(),'Find a pet')]").click()
        self.driver.find_element(By.XPATH, "//span[@title='Find a Pet']").click()
    
        # self.driver.find_element(By.XPATH, "//a[contains(text(),'Find a dog')]").click()
        self.driver.find_element(By.XPATH, "//span[contains(text(),'Find a dog')]").click()
    
        time.sleep(1)
    
        # breed_element = self.driver.find_element(By.ID, "location-1")
        # scroll_to_element(self.driver, breed_element)
        # self.driver.find_element(By.ID, "location-1").clear()
        # self.driver.find_element(By.ID, "location-1").send_keys("10019")
        wrapper = self.driver.find_element(By.CSS_SELECTOR, "[data-testid='location-search']")
        scroll_to_element(self.driver, wrapper)
        wrapper.click()  # activates the real input
        location_input = self.driver.find_element(By.CSS_SELECTOR, "[data-testid='location-search'] input:not(.hidden)")
        location_input.send_keys(get_control_key(), "a", Keys.DELETE)
        location_input.send_keys("10019")
    
>       self.driver.find_element(By.XPATH, "//form[@id='dog-search']/div/div[2]/div[2]/ul/div[1]/input").clear()

test/test_adoptapet.py:34: 
_ _ _ _ _ _ _ _ _ _ _ _ _ _ _ _ _ _ _ _ _ _ _ _ _ _ _ _ _ _ _ _ _ _ _ _ _ _ _ _ 
conftest.py:164: in find_element
    raise e
conftest.py:148: in find_element
    element = WebDriverWait(super(), WAIT_TIMEOUT).until(
_ _ _ _ _ _ _ _ _ _ _ _ _ _ _ _ _ _ _ _ _ _ _ _ _ _ _ _ _ _ _ _ _ _ _ _ _ _ _ _ 

self = <selenium.webdriver.support.wait.WebDriverWait (session="None")>
method = <function presence_of_element_located.<locals>._predicate at 0x108228700>
message = ''

    def until(self, method: Callable[[D], Union[Literal[False], T]], message: str = "") -> T:
        """Calls the method provided with the driver as an argument until the \
        return value does not evaluate to ``False``.
    
        :param method: callable(WebDriver)
        :param message: optional message for :exc:`TimeoutException`
        :returns: the result of the last call to `method`
        :raises: :exc:`selenium.common.exceptions.TimeoutException` if timeout occurs
        """
        screen = None
        stacktrace = None
    
        end_time = time.monotonic() + self._timeout
        while True:
            try:
                value = method(self._driver)
                if value:
                    return value
            except self._ignored_exceptions as exc:
                screen = getattr(exc, "screen", None)
                stacktrace = getattr(exc, "stacktrace", None)
            time.sleep(self._poll)
            if time.monotonic() > end_time:
                break
>       raise TimeoutException(message, screen, stacktrace)
E       selenium.common.exceptions.TimeoutException: Message: 
E       Stacktrace:
E       0   undetected_chromedriver             0x0000000102bfb8b8 undetected_chromedriver + 5986488
E       1   undetected_chromedriver             0x0000000102bf29ea undetected_chromedriver + 5949930
E       2   undetected_chromedriver             0x00000001026ab600 undetected_chromedriver + 415232
E       3   undetected_chromedriver             0x00000001026fd304 undetected_chromedriver + 750340
E       4   undetected_chromedriver             0x00000001026fd521 undetected_chromedriver + 750881
E       5   undetected_chromedriver             0x000000010274d204 undetected_chromedriver + 1077764
E       6   undetected_chromedriver             0x000000010272333d undetected_chromedriver + 906045
E       7   undetected_chromedriver             0x000000010274a566 undetected_chromedriver + 1066342
E       8   undetected_chromedriver             0x00000001027230e3 undetected_chromedriver + 905443
E       9   undetected_chromedriver             0x00000001026ef61d undetected_chromedriver + 693789
E       10  undetected_chromedriver             0x00000001026f0281 undetected_chromedriver + 696961
E       11  undetected_chromedriver             0x0000000102bb9580 undetected_chromedriver + 5715328
E       12  undetected_chromedriver             0x0000000102bbd445 undetected_chromedriver + 5731397
E       13  undetected_chromedriver             0x0000000102b93ed0 undetected_chromedriver + 5562064
E       14  undetected_chromedriver             0x0000000102bbde7b undetected_chromedriver + 5734011
E       15  undetected_chromedriver             0x0000000102b82de4 undetected_chromedriver + 5492196
E       16  undetected_chromedriver             0x0000000102be0a98 undetected_chromedriver + 5876376
E       17  undetected_chromedriver             0x0000000102be0c60 undetected_chromedriver + 5876832
E       18  undetected_chromedriver             0x0000000102bf25b1 undetected_chromedriver + 5948849
E       19  libsystem_pthread.dylib             0x00007ff80f720df1 _pthread_start + 99
E       20  libsystem_pthread.dylib             0x00007ff80f71c857 thread_start + 15

.venv/lib/python3.10/site-packages/selenium/webdriver/support/wait.py:105: TimeoutException
2025-05-12 21:35:32,699 - INFO - Attempting to navigate to URL: https://adoptapet.com
2025-05-12 21:35:39,358 - INFO - Successfully navigated to URL: https://adoptapet.com
2025-05-12 21:35:43,393 - INFO - Attempting to find element: xpath = //span[@title='Find a Pet']
2025-05-12 21:35:43,418 - INFO - Successfully find element: xpath = //span[@title='Find a Pet']
2025-05-12 21:35:43,418 - INFO - Attempting to click element: xpath = //span[@title='Find a Pet']
2025-05-12 21:35:43,418 - INFO - Attempting to find element: xpath = //span[@title='Find a Pet']
2025-05-12 21:35:43,426 - INFO - Successfully find element: xpath = //span[@title='Find a Pet']
2025-05-12 21:35:43,478 - INFO - Element clicked: xpath = //span[@title='Find a Pet']
2025-05-12 21:35:43,478 - INFO - Attempting to find element: xpath = //span[contains(text(),'Find a dog')]
2025-05-12 21:35:43,485 - INFO - Successfully find element: xpath = //span[contains(text(),'Find a dog')]
2025-05-12 21:35:43,486 - INFO - Attempting to click element: xpath = //span[contains(text(),'Find a dog')]
2025-05-12 21:35:43,486 - INFO - Attempting to find element: xpath = //span[contains(text(),'Find a dog')]
2025-05-12 21:35:43,490 - INFO - Successfully find element: xpath = //span[contains(text(),'Find a dog')]
2025-05-12 21:35:43,976 - INFO - Element clicked: xpath = //span[contains(text(),'Find a dog')]
2025-05-12 21:35:44,981 - INFO - Attempting to find element: css selector = [data-testid='location-search']
2025-05-12 21:35:45,014 - INFO - Successfully find element: css selector = [data-testid='location-search']
2025-05-12 21:35:46,024 - INFO - Attempting to click element: css selector = [data-testid='location-search']
2025-05-12 21:35:46,024 - INFO - Attempting to find element: css selector = [data-testid='location-search']
2025-05-12 21:35:46,038 - INFO - Successfully find element: css selector = [data-testid='location-search']
2025-05-12 21:35:46,096 - INFO - Element clicked: css selector = [data-testid='location-search']
2025-05-12 21:35:46,097 - INFO - Attempting to find element: css selector = [data-testid='location-search'] input:not(.hidden)
2025-05-12 21:35:46,105 - INFO - Successfully find element: css selector = [data-testid='location-search'] input:not(.hidden)
2025-05-12 21:35:46,212 - INFO - Attempting to find element: xpath = //form[@id='dog-search']/div/div[2]/div[2]/ul/div[1]/input
2025-05-12 21:36:16,309 - ERROR - TimeoutException: Element not found within 30 seconds: xpath = //form[@id='dog-search']/div/div[2]/div[2]/ul/div[1]/input (Current page URL: https://www.adoptapet.com/dog-adoption)
2025-05-12 21:37:07,206 - INFO - GPT suggestions:
-------------------------------------------------------
Potential fix (1): Click “Add Dog Criteria” first (it now reveals the breed field)
Original code line/lines:
self.driver.find_element(By.XPATH, "//form[@id='dog-search']/div/div[2]/div[2]/ul/div[1]/input").clear()
Fixed code line/lines:
self.driver.find_element(By.XPATH, "//button[contains(.,'Add Dog Criteria')]").click()  # open extra filters
breed_input = self.driver.find_element(By.XPATH, "//input[@placeholder='Breed' or @aria-label='Breed']")
breed_input.clear()
-------------------------------------------------------
Potential fix (2): Use a simpler, stable locator for the breed input
Original code line/lines:
self.driver.find_element(By.XPATH, "//form[@id='dog-search']/div/div[2]/div[2]/ul/div[1]/input").clear()
Fixed code line/lines:
self.driver.find_element(By.CSS_SELECTOR, "input[name='breed-search'], input[id='breed-search']").clear()
-------------------------------------------------------
Potential fix (3): Replace the location-wrapper hack with the visible #location input
Original code line/lines:
wrapper = self.driver.find_element(By.CSS_SELECTOR, "[data-testid='location-search']")
scroll_to_element(self.driver, wrapper)
wrapper.click()
location_input = self.driver.find_element(By.CSS_SELECTOR, "[data-testid='location-search'] input:not(.hidden)")
location_input.send_keys(get_control_key(), "a", Keys.DELETE)
location_input.send_keys("10019")
Fixed code line/lines:
location_input = self.driver.find_element(By.ID, "location")
location_input.send_keys(get_control_key(), "a", Keys.DELETE)
location_input.send_keys("10019")
-------------------------------------------------------
Potential fix (4): Wait for the breed list to load before typing
Original code line/lines:
self.driver.find_element(By.XPATH, "//form[@id='dog-search']/div/div[2]/div[2]/ul/div[1]/input").send_keys("jack russell")
Fixed code line/lines:
breed_input = WebDriverWait(self.driver, 10).until(
    lambda d: d.find_element(By.CSS_SELECTOR, "input[name='breed-search'], input[id='breed-search']")
)
breed_input.send_keys("jack russell")
-------------------------------------------------------
Potential fix (5): Guard against stale form-structure with relative XPATH
Original code line/lines:
self.driver.find_element(By.XPATH, "//form[@id='dog-search']/div/div[2]/div[2]/ul/div[1]/input").clear()
Fixed code line/lines:
self.driver.find_element(By.XPATH, "//form[@id='dog-search']//input[contains(@placeholder,'Breed')]").clear()
-------------------------------------------------------

