2025-05-26 22:33:39,454 - AutoTestFixer - ERROR - --- Test test_sportsyahoo_92b51ef3 FAILED ---
2025-05-26 22:33:39,454 - AutoTestFixer - ERROR - URL at failure: https://sports.yahoo.com/nba/players/3704/news/
2025-05-26 22:33:39,455 - AutoTestFixer - ERROR - Traceback:
self = <test.test_sportsyahoo.TestSportsYahoo object at 0x107493640>

    def test_sportsyahoo_92b51ef3(self):
        self.driver.get("https://sports.yahoo.com/?guccounter=1")
    
        self.driver.find_element(By.ID, "ybar-sbq").clear()
        self.driver.find_element(By.ID, "ybar-sbq").send_keys("lebron james")
    
        self.driver.find_element(By.XPATH, "//img[@alt='LeBron James']").click()
    
        self.driver.find_element(By.XPATH, "//div[@id='sub-nav']/ul[1]/li[4]/a[1]/span[1]").click()
    
>       self.driver.find_element(By.XPATH, "//div[@id='Col1-1-SportsStream']/ul[1]/li[1]/div[1]/div[1]/div[3]/div[1]/div[1]/button[1]").click()

test/test_sportsyahoo.py:17: 
_ _ _ _ _ _ _ _ _ _ _ _ _ _ _ _ _ _ _ _ _ _ _ _ _ _ _ _ _ _ _ _ _ _ _ _ _ _ _ _ 
framework/custom_selenium.py:71: in find_element
    raise e
framework/custom_selenium.py:55: in find_element
    element = WebDriverWait(super(), WAIT_TIMEOUT).until(
_ _ _ _ _ _ _ _ _ _ _ _ _ _ _ _ _ _ _ _ _ _ _ _ _ _ _ _ _ _ _ _ _ _ _ _ _ _ _ _ 

self = <selenium.webdriver.support.wait.WebDriverWait (session="None")>
method = <function presence_of_element_located.<locals>._predicate at 0x1074cdbd0>
message = ''

    def until(self, method: Callable[[D], Union[Literal[False], T]], message: str = "") -> T:
        """Calls the method provided with the driver as an argument until the \
        return value does not evaluate to ``False``.
    
        :param method: callable(WebDriver)
        :param message: optional message for :exc:`TimeoutException`
        :returns: the result of the last call to `method`
        :raises: :exc:`selenium.common.exceptions.TimeoutException` if timeout occurs
        """
        screen = None
        stacktrace = None
    
        end_time = time.monotonic() + self._timeout
        while True:
            try:
                value = method(self._driver)
                if value:
                    return value
            except self._ignored_exceptions as exc:
                screen = getattr(exc, "screen", None)
                stacktrace = getattr(exc, "stacktrace", None)
            time.sleep(self._poll)
            if time.monotonic() > end_time:
                break
>       raise TimeoutException(message, screen, stacktrace)
E       selenium.common.exceptions.TimeoutException: Message: 
E       Stacktrace:
E       0   undetected_chromedriver             0x0000000102b58898 undetected_chromedriver + 5986456
E       1   undetected_chromedriver             0x0000000102b4f9ca undetected_chromedriver + 5949898
E       2   undetected_chromedriver             0x0000000102608600 undetected_chromedriver + 415232
E       3   undetected_chromedriver             0x000000010265a304 undetected_chromedriver + 750340
E       4   undetected_chromedriver             0x000000010265a521 undetected_chromedriver + 750881
E       5   undetected_chromedriver             0x00000001026aa204 undetected_chromedriver + 1077764
E       6   undetected_chromedriver             0x000000010268033d undetected_chromedriver + 906045
E       7   undetected_chromedriver             0x00000001026a7566 undetected_chromedriver + 1066342
E       8   undetected_chromedriver             0x00000001026800e3 undetected_chromedriver + 905443
E       9   undetected_chromedriver             0x000000010264c61d undetected_chromedriver + 693789
E       10  undetected_chromedriver             0x000000010264d281 undetected_chromedriver + 696961
E       11  undetected_chromedriver             0x0000000102b16560 undetected_chromedriver + 5715296
E       12  undetected_chromedriver             0x0000000102b1a425 undetected_chromedriver + 5731365
E       13  undetected_chromedriver             0x0000000102af0eb0 undetected_chromedriver + 5562032
E       14  undetected_chromedriver             0x0000000102b1ae5b undetected_chromedriver + 5733979
E       15  undetected_chromedriver             0x0000000102adfdc4 undetected_chromedriver + 5492164
E       16  undetected_chromedriver             0x0000000102b3da78 undetected_chromedriver + 5876344
E       17  undetected_chromedriver             0x0000000102b3dc40 undetected_chromedriver + 5876800
E       18  undetected_chromedriver             0x0000000102b4f591 undetected_chromedriver + 5948817
E       19  libsystem_pthread.dylib             0x00007ff812e64df1 _pthread_start + 99
E       20  libsystem_pthread.dylib             0x00007ff812e60857 thread_start + 15

.venv/lib/python3.10/site-packages/selenium/webdriver/support/wait.py:105: TimeoutException
2025-05-26 22:32:25,442 - AutoTestFixer - INFO - Attempting to navigate to URL: https://sports.yahoo.com/?guccounter=1
2025-05-26 22:33:02,803 - AutoTestFixer - INFO - Successfully navigated to URL: https://sports.yahoo.com/?guccounter=1
2025-05-26 22:33:04,809 - AutoTestFixer - INFO - Attempting to find element: id = ybar-sbq
2025-05-26 22:33:04,843 - AutoTestFixer - INFO - Successfully find element: id = ybar-sbq
2025-05-26 22:33:04,870 - AutoTestFixer - INFO - Attempting to find element: id = ybar-sbq
2025-05-26 22:33:04,875 - AutoTestFixer - INFO - Successfully find element: id = ybar-sbq
2025-05-26 22:33:05,009 - AutoTestFixer - INFO - Attempting to find element: xpath = //img[@alt='LeBron James']
2025-05-26 22:33:06,053 - AutoTestFixer - INFO - Successfully find element: xpath = //img[@alt='LeBron James']
2025-05-26 22:33:06,053 - AutoTestFixer - INFO - Attempting to click element: xpath = //img[@alt='LeBron James']
2025-05-26 22:33:06,053 - AutoTestFixer - INFO - Attempting to find element: xpath = //img[@alt='LeBron James']
2025-05-26 22:33:06,060 - AutoTestFixer - INFO - Successfully find element: xpath = //img[@alt='LeBron James']
2025-05-26 22:33:07,373 - AutoTestFixer - INFO - Element clicked: xpath = //img[@alt='LeBron James']
2025-05-26 22:33:07,373 - AutoTestFixer - INFO - Attempting to find element: xpath = //div[@id='sub-nav']/ul[1]/li[4]/a[1]/span[1]
2025-05-26 22:33:07,499 - AutoTestFixer - INFO - Successfully find element: xpath = //div[@id='sub-nav']/ul[1]/li[4]/a[1]/span[1]
2025-05-26 22:33:07,499 - AutoTestFixer - INFO - Attempting to click element: xpath = //div[@id='sub-nav']/ul[1]/li[4]/a[1]/span[1]
2025-05-26 22:33:07,500 - AutoTestFixer - INFO - Attempting to find element: xpath = //div[@id='sub-nav']/ul[1]/li[4]/a[1]/span[1]
2025-05-26 22:33:07,504 - AutoTestFixer - INFO - Successfully find element: xpath = //div[@id='sub-nav']/ul[1]/li[4]/a[1]/span[1]
2025-05-26 22:33:07,575 - AutoTestFixer - INFO - Element clicked: xpath = //div[@id='sub-nav']/ul[1]/li[4]/a[1]/span[1]
2025-05-26 22:33:07,576 - AutoTestFixer - INFO - Attempting to find element: xpath = //div[@id='Col1-1-SportsStream']/ul[1]/li[1]/div[1]/div[1]/div[3]/div[1]/div[1]/button[1]
2025-05-26 22:33:37,979 - AutoTestFixer - ERROR - TimeoutException: Element not found within 30 seconds: xpath = //div[@id='Col1-1-SportsStream']/ul[1]/li[1]/div[1]/div[1]/div[3]/div[1]/div[1]/button[1] (Current page URL: https://sports.yahoo.com/nba/players/3704/news/)
2025-05-26 22:33:38,051 - AutoTestFixer - INFO - Test test_sportsyahoo_92b51ef3 failed. Auto-fix mode: suggest. Initiating process.
2025-05-26 22:34:25,959 - AutoTestFixer - INFO - GPT suggestions:
-------------------------------------------------------
Potential fix (1): Replace brittle absolute XPath with a concise, stable CSS selector for the first share button in the stream.  
Original code line/lines:
        self.driver.find_element(By.XPATH, "//div[@id='Col1-1-SportsStream']/ul[1]/li[1]/div[1]/div[1]/div[3]/div[1]/div[1]/button[1]").click()
Fixed code line/lines:
        self.driver.find_elements(By.CSS_SELECTOR, "#Col1-1-SportsStream button.share-open-button")[0].click()
-------------------------------------------------------
Potential fix (2): Use a flexible XPath that works even if the numeric part of the stream containerâ€™s id changes.  
Original code line/lines:
        self.driver.find_element(By.XPATH, "//div[@id='Col1-1-SportsStream']/ul[1]/li[1]/div[1]/div[1]/div[3]/div[1]/div[1]/button[1]").click()
Fixed code line/lines:
        self.driver.find_element(By.XPATH, "//div[starts-with(@id,'Col1') and contains(@id,'SportsStream')]//button[contains(@class,'share-open-button')][1]").click()
-------------------------------------------------------
Potential fix (3): Scroll down before locating the lazily-loaded share button, then use a simpler locator.  
Original code line/lines:
        self.driver.find_element(By.XPATH, "//div[@id='Col1-1-SportsStream']/ul[1]/li[1]/div[1]/div[1]/div[3]/div[1]/div[1]/button[1]").click()
Fixed code line/lines:
        self.driver.execute_script("window.scrollBy(0, 800)")
        self.driver.find_element(By.XPATH, "//div[@id='Col1-1-SportsStream']//button[contains(@class,'share-open-button')][1]").click()
-------------------------------------------------------
Potential fix (4): Target the first visible share button anywhere on the page by its distinctive class, avoiding dependency on the container id.  
Original code line/lines:
        self.driver.find_element(By.XPATH, "//div[@id='Col1-1-SportsStream']/ul[1]/li[1]/div[1]/div[1]/div[3]/div[1]/div[1]/button[1]").click()
Fixed code line/lines:
        self.driver.find_elements(By.CSS_SELECTOR, "button.share-open-button")[0].click()
-------------------------------------------------------
Potential fix (5): Locate the share button via its unique aria-label attribute to keep the locator clear and resilient.  
Original code line/lines:
        self.driver.find_element(By.XPATH, "//div[@id='Col1-1-SportsStream']/ul[1]/li[1]/div[1]/div[1]/div[3]/div[1]/div[1]/button[1]").click()
Fixed code line/lines:
        self.driver.find_element(By.XPATH, "//button[@aria-label='Social media share article menu'][1]").click()
-------------------------------------------------------
2025-05-26 22:34:25,959 - AutoTestFixer - INFO - Auto-fix mode is 'suggest'. Suggestions displayed. No patching or re-run will occur.
